0 info it worked if it ends with ok
1 verbose cli [ '/home/alan/.nvm/versions/node/v6.9.1/bin/node',
1 verbose cli   '/home/alan/.nvm/versions/node/v6.9.1/bin/npm',
1 verbose cli   'link' ]
2 info using npm@3.10.8
3 info using node@v6.9.1
4 verbose linkPkg /home/alan/Documentos/Programacion/generator-frontend-dev
5 silly gentlyRm /home/alan/.nvm/versions/node/v6.9.1/lib/node_modules/generator-frontend-dev is being purged
6 verbose gentlyRm don't care about contents; nuking /home/alan/.nvm/versions/node/v6.9.1/lib/node_modules/generator-frontend-dev
7 silly vacuum-fs purging /home/alan/.nvm/versions/node/v6.9.1/lib/node_modules/generator-frontend-dev
8 silly vacuum-fs quitting because other entries in /home/alan/.nvm/versions/node/v6.9.1/lib/node_modules
9 verbose link build target /home/alan/.nvm/versions/node/v6.9.1/lib/node_modules/generator-frontend-dev
10 silly loadCurrentTree Starting
11 silly install loadCurrentTree
12 silly install readLocalPackageData
13 silly install normalizeTree
14 silly loadCurrentTree Finishing
15 silly loadIdealTree Starting
16 silly install loadIdealTree
17 silly cloneCurrentTree Starting
18 silly install cloneCurrentTreeToIdealTree
19 silly cloneCurrentTree Finishing
20 silly loadShrinkwrap Starting
21 silly install loadShrinkwrap
22 silly loadShrinkwrap Finishing
23 silly loadAllDepsIntoIdealTree Starting
24 silly install loadAllDepsIntoIdealTree
25 silly loadAllDepsIntoIdealTree Finishing
26 silly loadIdealTree Finishing
27 silly currentTree generator-frontend-dev@0.0.0
27 silly currentTree ├── abbrev@1.0.9
27 silly currentTree ├─┬ acorn-jsx@3.0.1
27 silly currentTree │ └── acorn@3.3.0
27 silly currentTree ├── acorn@4.0.4
27 silly currentTree ├── ajv-keywords@1.5.0
27 silly currentTree ├── ajv@4.10.4
27 silly currentTree ├── align-text@0.1.4
27 silly currentTree ├── amdefine@1.0.1
27 silly currentTree ├── ansi-escapes@1.4.0
27 silly currentTree ├── ansi-regex@2.1.1
27 silly currentTree ├── ansi-styles@2.2.1
27 silly currentTree ├── archy@1.0.0
27 silly currentTree ├── argparse@1.0.9
27 silly currentTree ├── arr-diff@2.0.0
27 silly currentTree ├── arr-flatten@1.0.1
27 silly currentTree ├── array-differ@1.0.0
27 silly currentTree ├── array-find-index@1.0.2
27 silly currentTree ├── array-union@1.0.2
27 silly currentTree ├── array-uniq@1.0.3
27 silly currentTree ├── array-unique@0.2.1
27 silly currentTree ├── arrify@1.0.1
27 silly currentTree ├── asn1@0.2.3
27 silly currentTree ├── assert-plus@0.2.0
27 silly currentTree ├─┬ ast-query@2.0.0
27 silly currentTree │ ├── escodegen-wallaby@1.6.8
27 silly currentTree │ └── estraverse@1.9.3
27 silly currentTree ├── async@2.1.4
27 silly currentTree ├── asynckit@0.4.0
27 silly currentTree ├── aws-sign2@0.6.0
27 silly currentTree ├── aws4@1.5.0
27 silly currentTree ├── babel-code-frame@6.20.0
27 silly currentTree ├── balanced-match@0.4.2
27 silly currentTree ├── bcrypt-pbkdf@1.0.0
27 silly currentTree ├── beeper@1.1.1
27 silly currentTree ├── binaryextensions@2.0.0
27 silly currentTree ├─┬ bl@1.1.2
27 silly currentTree │ └── readable-stream@2.0.6
27 silly currentTree ├── boolbase@1.0.0
27 silly currentTree ├── boom@2.10.1
27 silly currentTree ├── brace-expansion@1.1.6
27 silly currentTree ├── braces@1.8.5
27 silly currentTree ├── browser-stdout@1.3.0
27 silly currentTree ├── buffer-shims@1.0.0
27 silly currentTree ├── bufferstreams@1.1.1
27 silly currentTree ├── builtin-modules@1.1.1
27 silly currentTree ├── caller-path@0.1.0
27 silly currentTree ├── callsites@0.2.0
27 silly currentTree ├── camelcase-keys@2.1.0
27 silly currentTree ├── camelcase@2.1.1
27 silly currentTree ├── capture-stack-trace@1.0.0
27 silly currentTree ├── caseless@0.11.0
27 silly currentTree ├── center-align@0.1.3
27 silly currentTree ├── chalk@1.1.3
27 silly currentTree ├─┬ cheerio@0.19.0
27 silly currentTree │ └── lodash@3.10.1
27 silly currentTree ├── circular-json@0.3.1
27 silly currentTree ├── class-extend@0.1.2
27 silly currentTree ├── cli-boxes@1.0.0
27 silly currentTree ├── cli-cursor@1.0.2
27 silly currentTree ├── cli-table@0.3.1
27 silly currentTree ├── cli-width@2.1.0
27 silly currentTree ├── cliui@3.2.0
27 silly currentTree ├── clone-stats@0.0.1
27 silly currentTree ├── clone@1.0.2
27 silly currentTree ├── co@4.6.0
27 silly currentTree ├── code-point-at@1.1.0
27 silly currentTree ├── coffee-script@1.12.2
27 silly currentTree ├── colors@1.0.3
27 silly currentTree ├── combined-stream@1.0.5
27 silly currentTree ├── commander@2.9.0
27 silly currentTree ├── commondir@1.0.1
27 silly currentTree ├── concat-map@0.0.1
27 silly currentTree ├── concat-stream@1.6.0
27 silly currentTree ├── core-util-is@1.0.2
27 silly currentTree ├─┬ coveralls@2.11.15
27 silly currentTree │ └── js-yaml@3.6.1
27 silly currentTree ├── create-error-class@3.0.2
27 silly currentTree ├── cross-spawn@4.0.2
27 silly currentTree ├── cryptiles@2.0.5
27 silly currentTree ├── css-select@1.0.0
27 silly currentTree ├── css-what@1.0.0
27 silly currentTree ├── currently-unhandled@0.4.1
27 silly currentTree ├── d@0.1.1
27 silly currentTree ├── dargs@4.1.0
27 silly currentTree ├─┬ dashdash@1.14.1
27 silly currentTree │ └── assert-plus@1.0.0
27 silly currentTree ├── dateformat@1.0.12
27 silly currentTree ├── debug@2.6.0
27 silly currentTree ├── decamelize@1.2.0
27 silly currentTree ├── deep-extend@0.4.1
27 silly currentTree ├── deep-is@0.1.3
27 silly currentTree ├── defaults@1.0.3
27 silly currentTree ├─┬ del@2.2.2
27 silly currentTree │ ├── globby@5.0.0
27 silly currentTree │ └── object-assign@4.1.0
27 silly currentTree ├── delayed-stream@1.0.0
27 silly currentTree ├── deprecated@0.0.1
27 silly currentTree ├── detect-conflict@1.0.1
27 silly currentTree ├── detect-file@0.1.0
27 silly currentTree ├── detect-newline@1.0.3
27 silly currentTree ├── diff@2.2.3
27 silly currentTree ├── doctrine@1.5.0
27 silly currentTree ├─┬ dom-serializer@0.1.0
27 silly currentTree │ └── domelementtype@1.1.3
27 silly currentTree ├── domelementtype@1.3.0
27 silly currentTree ├── domhandler@2.3.0
27 silly currentTree ├── domutils@1.4.3
27 silly currentTree ├── duplexer2@0.1.4
27 silly currentTree ├── ecc-jsbn@0.1.1
27 silly currentTree ├── editions@1.3.3
27 silly currentTree ├── ejs@2.5.5
27 silly currentTree ├─┬ end-of-stream@0.1.5
27 silly currentTree │ └── once@1.3.3
27 silly currentTree ├── entities@1.1.1
27 silly currentTree ├── error-ex@1.3.0
27 silly currentTree ├── error@7.0.2
27 silly currentTree ├── es5-ext@0.10.12
27 silly currentTree ├── es6-iterator@2.0.0
27 silly currentTree ├── es6-map@0.1.4
27 silly currentTree ├── es6-set@0.1.4
27 silly currentTree ├── es6-symbol@3.1.0
27 silly currentTree ├── es6-weak-map@2.0.1
27 silly currentTree ├── escape-string-regexp@1.0.5
27 silly currentTree ├─┬ escodegen@1.8.1
27 silly currentTree │ └── estraverse@1.9.3
27 silly currentTree ├── escope@3.6.0
27 silly currentTree ├── eslint-config-xo-space@0.15.0
27 silly currentTree ├── eslint-config-xo@0.17.0
27 silly currentTree ├─┬ eslint@3.13.1
27 silly currentTree │ ├── inquirer@0.12.0
27 silly currentTree │ ├── run-async@0.1.0
27 silly currentTree │ └── strip-bom@3.0.0
27 silly currentTree ├── espree@3.3.2
27 silly currentTree ├── esprima@2.7.3
27 silly currentTree ├─┬ esrecurse@4.1.0
27 silly currentTree │ ├── estraverse@4.1.1
27 silly currentTree │ └── object-assign@4.1.0
27 silly currentTree ├── estraverse@4.2.0
27 silly currentTree ├── esutils@2.0.2
27 silly currentTree ├── event-emitter@0.3.4
27 silly currentTree ├── exit-hook@1.1.1
27 silly currentTree ├── expand-brackets@0.1.5
27 silly currentTree ├── expand-range@1.8.2
27 silly currentTree ├── expand-tilde@1.2.2
27 silly currentTree ├── extend-shallow@2.0.1
27 silly currentTree ├── extend@3.0.0
27 silly currentTree ├── external-editor@1.1.1
27 silly currentTree ├── extglob@0.3.2
27 silly currentTree ├── extsprintf@1.0.2
27 silly currentTree ├── fancy-log@1.3.0
27 silly currentTree ├── fast-levenshtein@2.0.6
27 silly currentTree ├─┬ figures@1.7.0
27 silly currentTree │ └── object-assign@4.1.0
27 silly currentTree ├─┬ file-entry-cache@2.0.0
27 silly currentTree │ └── object-assign@4.1.0
27 silly currentTree ├── filename-regex@2.0.0
27 silly currentTree ├─┬ fileset@0.2.1
27 silly currentTree │ ├── glob@5.0.15
27 silly currentTree │ └── minimatch@2.0.10
27 silly currentTree ├── fill-range@2.2.3
27 silly currentTree ├── find-index@0.1.1
27 silly currentTree ├── find-up@1.1.2
27 silly currentTree ├── findup-sync@0.4.3
27 silly currentTree ├── fined@1.0.2
27 silly currentTree ├── first-chunk-stream@2.0.0
27 silly currentTree ├── flagged-respawn@0.3.2
27 silly currentTree ├── flat-cache@1.2.2
27 silly currentTree ├── for-in@0.1.6
27 silly currentTree ├── for-own@0.1.4
27 silly currentTree ├── forever-agent@0.6.1
27 silly currentTree ├── form-data@2.0.0
27 silly currentTree ├── formatio@1.1.1
27 silly currentTree ├── fs-exists-sync@0.1.0
27 silly currentTree ├── fs.realpath@1.0.0
27 silly currentTree ├── gaze@0.5.2
27 silly currentTree ├── generate-function@2.0.0
27 silly currentTree ├── generate-object-property@1.2.0
27 silly currentTree ├── get-caller-file@1.0.2
27 silly currentTree ├── get-stdin@4.0.1
27 silly currentTree ├─┬ getpass@0.1.6
27 silly currentTree │ └── assert-plus@1.0.0
27 silly currentTree ├─┬ gh-got@2.4.0
27 silly currentTree │ └── object-assign@4.1.0
27 silly currentTree ├── git-config-path@1.0.1
27 silly currentTree ├── git-user-email@0.2.2
27 silly currentTree ├─┬ git-user-name@1.2.0
27 silly currentTree │ ├── git-config-path@0.1.0
27 silly currentTree │ └─┬ parse-git-config@0.4.3
27 silly currentTree │   └── git-config-path@1.0.1
27 silly currentTree ├── github-username@2.1.0
27 silly currentTree ├── glob-base@0.3.0
27 silly currentTree ├── glob-parent@2.0.0
27 silly currentTree ├─┬ glob-stream@3.1.18
27 silly currentTree │ ├── glob@4.5.3
27 silly currentTree │ ├── isarray@0.0.1
27 silly currentTree │ ├── minimatch@2.0.10
27 silly currentTree │ ├── readable-stream@1.0.34
27 silly currentTree │ └── through2@0.6.5
27 silly currentTree ├── glob-watcher@0.0.6
27 silly currentTree ├── glob@7.1.1
27 silly currentTree ├── glob2base@0.0.12
27 silly currentTree ├── global-modules@0.2.3
27 silly currentTree ├── global-prefix@0.1.5
27 silly currentTree ├── globals@9.14.0
27 silly currentTree ├─┬ globby@4.1.0
27 silly currentTree │ ├── glob@6.0.4
27 silly currentTree │ └── object-assign@4.1.0
27 silly currentTree ├─┬ globule@0.1.0
27 silly currentTree │ ├── glob@3.1.21
27 silly currentTree │ ├── graceful-fs@1.2.3
27 silly currentTree │ ├── inherits@1.0.2
27 silly currentTree │ ├── lodash@1.0.2
27 silly currentTree │ ├── lru-cache@2.7.3
27 silly currentTree │ └── minimatch@0.2.14
27 silly currentTree ├── glogg@1.0.0
27 silly currentTree ├─┬ got@5.7.1
27 silly currentTree │ └── object-assign@4.1.0
27 silly currentTree ├── graceful-fs@4.1.11
27 silly currentTree ├── graceful-readlink@1.0.1
27 silly currentTree ├── grouped-queue@0.3.3
27 silly currentTree ├── growl@1.9.2
27 silly currentTree ├── gruntfile-editor@1.2.1
27 silly currentTree ├─┬ gulp-coveralls@0.1.4
27 silly currentTree │ ├── isarray@0.0.1
27 silly currentTree │ ├── readable-stream@1.1.14
27 silly currentTree │ └── through2@1.1.1
27 silly currentTree ├── gulp-eslint@3.0.1
27 silly currentTree ├── gulp-exclude-gitignore@1.1.1
27 silly currentTree ├── gulp-ignore@2.0.2
27 silly currentTree ├── gulp-istanbul@1.1.1
27 silly currentTree ├── gulp-line-ending-corrector@1.0.1
27 silly currentTree ├── gulp-match@1.0.3
27 silly currentTree ├── gulp-mocha@3.0.1
27 silly currentTree ├─┬ gulp-nsp@2.4.2
27 silly currentTree │ ├─┬ gulp-util@3.0.7
27 silly currentTree │ │ ├── array-differ@1.0.0
27 silly currentTree │ │ ├── array-uniq@1.0.2
27 silly currentTree │ │ ├── beeper@1.1.0
27 silly currentTree │ │ ├─┬ chalk@1.1.3
27 silly currentTree │ │ │ ├── ansi-styles@2.2.1
27 silly currentTree │ │ │ ├── escape-string-regexp@1.0.5
27 silly currentTree │ │ │ ├─┬ has-ansi@2.0.0
27 silly currentTree │ │ │ │ └── ansi-regex@2.0.0
27 silly currentTree │ │ │ ├─┬ strip-ansi@3.0.1
27 silly currentTree │ │ │ │ └── ansi-regex@2.0.0
27 silly currentTree │ │ │ └── supports-color@2.0.0
27 silly currentTree │ │ ├─┬ dateformat@1.0.12
27 silly currentTree │ │ │ ├── get-stdin@4.0.1
27 silly currentTree │ │ │ └─┬ meow@3.7.0
27 silly currentTree │ │ │   ├─┬ camelcase-keys@2.1.0
27 silly currentTree │ │ │   │ └── camelcase@2.1.1
27 silly currentTree │ │ │   ├── decamelize@1.2.0
27 silly currentTree │ │ │   ├─┬ loud-rejection@1.3.0
27 silly currentTree │ │ │   │ ├── array-find-index@1.0.1
27 silly currentTree │ │ │   │ └── signal-exit@2.1.2
27 silly currentTree │ │ │   ├── map-obj@1.0.1
27 silly currentTree │ │ │   ├─┬ normalize-package-data@2.3.5
27 silly currentTree │ │ │   │ ├── hosted-git-info@2.1.4
27 silly currentTree │ │ │   │ ├─┬ is-builtin-module@1.0.0
27 silly currentTree │ │ │   │ │ └── builtin-modules@1.1.1
27 silly currentTree │ │ │   │ ├── semver@5.1.0
27 silly currentTree │ │ │   │ └─┬ validate-npm-package-license@3.0.1
27 silly currentTree │ │ │   │   ├─┬ spdx-correct@1.0.2
27 silly currentTree │ │ │   │   │ └── spdx-license-ids@1.2.0
27 silly currentTree │ │ │   │   └─┬ spdx-expression-parse@1.0.2
27 silly currentTree │ │ │   │     ├── spdx-exceptions@1.0.4
27 silly currentTree │ │ │   │     └── spdx-license-ids@1.2.0
27 silly currentTree │ │ │   ├── object-assign@4.0.1
27 silly currentTree │ │ │   ├─┬ read-pkg-up@1.0.1
27 silly currentTree │ │ │   │ ├─┬ find-up@1.1.2
27 silly currentTree │ │ │   │ │ ├── path-exists@2.1.0
27 silly currentTree │ │ │   │ │ └─┬ pinkie-promise@2.0.0
27 silly currentTree │ │ │   │ │   └── pinkie@2.0.4
27 silly currentTree │ │ │   │ └─┬ read-pkg@1.1.0
27 silly currentTree │ │ │   │   ├─┬ load-json-file@1.1.0
27 silly currentTree │ │ │   │   │ ├── graceful-fs@4.1.3
27 silly currentTree │ │ │   │   │ ├─┬ parse-json@2.2.0
27 silly currentTree │ │ │   │   │ │ └─┬ error-ex@1.3.0
27 silly currentTree │ │ │   │   │ │   └── is-arrayish@0.2.1
27 silly currentTree │ │ │   │   │ ├── pify@2.3.0
27 silly currentTree │ │ │   │   │ ├─┬ pinkie-promise@2.0.0
27 silly currentTree │ │ │   │   │ │ └── pinkie@2.0.4
27 silly currentTree │ │ │   │   │ └─┬ strip-bom@2.0.0
27 silly currentTree │ │ │   │   │   └── is-utf8@0.2.1
27 silly currentTree │ │ │   │   └─┬ path-type@1.1.0
27 silly currentTree │ │ │   │     ├── graceful-fs@4.1.3
27 silly currentTree │ │ │   │     ├── pify@2.3.0
27 silly currentTree │ │ │   │     └─┬ pinkie-promise@2.0.0
27 silly currentTree │ │ │   │       └── pinkie@2.0.4
27 silly currentTree │ │ │   ├─┬ redent@1.0.0
27 silly currentTree │ │ │   │ ├─┬ indent-string@2.1.0
27 silly currentTree │ │ │   │ │ └─┬ repeating@2.0.0
27 silly currentTree │ │ │   │ │   └─┬ is-finite@1.0.1
27 silly currentTree │ │ │   │ │     └── number-is-nan@1.0.0
27 silly currentTree │ │ │   │ └── strip-indent@1.0.1
27 silly currentTree │ │ │   └── trim-newlines@1.0.0
27 silly currentTree │ │ ├─┬ fancy-log@1.2.0
27 silly currentTree │ │ │ └── time-stamp@1.0.0
27 silly currentTree │ │ ├─┬ gulplog@1.0.0
27 silly currentTree │ │ │ └─┬ glogg@1.0.0
27 silly currentTree │ │ │   └── sparkles@1.0.0
27 silly currentTree │ │ ├─┬ has-gulplog@0.1.0
27 silly currentTree │ │ │ └── sparkles@1.0.0
27 silly currentTree │ │ ├── lodash._reescape@3.0.0
27 silly currentTree │ │ ├── lodash._reevaluate@3.0.0
27 silly currentTree │ │ ├── lodash._reinterpolate@3.0.0
27 silly currentTree │ │ ├─┬ lodash.template@3.6.2
27 silly currentTree │ │ │ ├── lodash._basecopy@3.0.1
27 silly currentTree │ │ │ ├── lodash._basetostring@3.0.1
27 silly currentTree │ │ │ ├── lodash._basevalues@3.0.0
27 silly currentTree │ │ │ ├── lodash._isiterateecall@3.0.9
27 silly currentTree │ │ │ ├─┬ lodash.escape@3.2.0
27 silly currentTree │ │ │ │ └── lodash._root@3.0.1
27 silly currentTree │ │ │ ├─┬ lodash.keys@3.1.2
27 silly currentTree │ │ │ │ ├── lodash._getnative@3.9.1
27 silly currentTree │ │ │ │ ├── lodash.isarguments@3.0.8
27 silly currentTree │ │ │ │ └── lodash.isarray@3.0.4
27 silly currentTree │ │ │ ├── lodash.restparam@3.6.1
27 silly currentTree │ │ │ └── lodash.templatesettings@3.1.1
27 silly currentTree │ │ ├── minimist@1.2.0
27 silly currentTree │ │ ├─┬ multipipe@0.1.2
27 silly currentTree │ │ │ └─┬ duplexer2@0.0.2
27 silly currentTree │ │ │   └─┬ readable-stream@1.1.13
27 silly currentTree │ │ │     ├── core-util-is@1.0.2
27 silly currentTree │ │ │     ├── inherits@2.0.1
27 silly currentTree │ │ │     ├── isarray@0.0.1
27 silly currentTree │ │ │     └── string_decoder@0.10.31
27 silly currentTree │ │ ├── object-assign@3.0.0
27 silly currentTree │ │ ├── replace-ext@0.0.1
27 silly currentTree │ │ ├─┬ through2@2.0.1
27 silly currentTree │ │ │ ├─┬ readable-stream@2.0.6
27 silly currentTree │ │ │ │ ├── core-util-is@1.0.2
27 silly currentTree │ │ │ │ ├── inherits@2.0.1
27 silly currentTree │ │ │ │ ├── isarray@1.0.0
27 silly currentTree │ │ │ │ ├── process-nextick-args@1.0.6
27 silly currentTree │ │ │ │ ├── string_decoder@0.10.31
27 silly currentTree │ │ │ │ └── util-deprecate@1.0.2
27 silly currentTree │ │ │ └── xtend@4.0.1
27 silly currentTree │ │ └─┬ vinyl@0.5.3
27 silly currentTree │ │   ├── clone-stats@0.0.1
27 silly currentTree │ │   └── clone@1.0.2
27 silly currentTree │ └─┬ nsp@2.3.0
27 silly currentTree │   ├─┬ chalk@1.1.3
27 silly currentTree │   │ ├── ansi-styles@2.2.1
27 silly currentTree │   │ ├── escape-string-regexp@1.0.5
27 silly currentTree │   │ ├─┬ has-ansi@2.0.0
27 silly currentTree │   │ │ └── ansi-regex@2.0.0
27 silly currentTree │   │ ├─┬ strip-ansi@3.0.1
27 silly currentTree │   │ │ └── ansi-regex@2.0.0
27 silly currentTree │   │ └── supports-color@2.0.0
27 silly currentTree │   ├─┬ cli-table@0.3.1
27 silly currentTree │   │ └── colors@1.0.3
27 silly currentTree │   ├─┬ https-proxy-agent@1.0.0
27 silly currentTree │   │ ├─┬ agent-base@2.0.1
27 silly currentTree │   │ │ └── semver@5.0.3
27 silly currentTree │   │ ├─┬ debug@2.2.0
27 silly currentTree │   │ │ └── ms@0.7.1
27 silly currentTree │   │ └── extend@3.0.0
27 silly currentTree │   ├─┬ joi@6.10.1
27 silly currentTree │   │ ├── hoek@2.16.3
27 silly currentTree │   │ ├── isemail@1.2.0
27 silly currentTree │   │ ├── moment@2.12.0
27 silly currentTree │   │ └── topo@1.1.0
27 silly currentTree │   ├─┬ nodesecurity-npm-utils@4.0.1
27 silly currentTree │   │ └─┬ silent-npm-registry-client@2.0.0
27 silly currentTree │   │   ├─┬ npm-registry-client@7.1.0
27 silly currentTree │   │   │ ├── chownr@1.0.1
27 silly currentTree │   │   │ ├─┬ concat-stream@1.5.1
27 silly currentTree │   │   │ │ ├── inherits@2.0.1
27 silly currentTree │   │   │ │ ├─┬ readable-stream@2.0.6
27 silly currentTree │   │   │ │ │ ├── core-util-is@1.0.2
27 silly currentTree │   │   │ │ │ ├── isarray@1.0.0
27 silly currentTree │   │   │ │ │ ├── process-nextick-args@1.0.6
27 silly currentTree │   │   │ │ │ ├── string_decoder@0.10.31
27 silly currentTree │   │   │ │ │ └── util-deprecate@1.0.2
27 silly currentTree │   │   │ │ └── typedarray@0.0.6
27 silly currentTree │   │   │ ├── graceful-fs@4.1.3
27 silly currentTree │   │   │ ├─┬ mkdirp@0.5.1
27 silly currentTree │   │   │ │ └── minimist@0.0.8
27 silly currentTree │   │   │ ├─┬ normalize-package-data@2.3.5
27 silly currentTree │   │   │ │ ├── hosted-git-info@2.1.4
27 silly currentTree │   │   │ │ ├─┬ is-builtin-module@1.0.0
27 silly currentTree │   │   │ │ │ └── builtin-modules@1.1.1
27 silly currentTree │   │   │ │ └─┬ validate-npm-package-license@3.0.1
27 silly currentTree │   │   │ │   ├─┬ spdx-correct@1.0.2
27 silly currentTree │   │   │ │   │ └── spdx-license-ids@1.2.0
27 silly currentTree │   │   │ │   └─┬ spdx-expression-parse@1.0.2
27 silly currentTree │   │   │ │     ├── spdx-exceptions@1.0.4
27 silly currentTree │   │   │ │     └── spdx-license-ids@1.2.0
27 silly currentTree │   │   │ ├─┬ npm-package-arg@4.1.0
27 silly currentTree │   │   │ │ └── hosted-git-info@2.1.4
27 silly currentTree │   │   │ ├─┬ npmlog@2.0.3
27 silly currentTree │   │   │ │ ├── ansi@0.3.1
27 silly currentTree │   │   │ │ ├─┬ are-we-there-yet@1.1.2
27 silly currentTree │   │   │ │ │ ├── delegates@1.0.0
27 silly currentTree │   │   │ │ │ └─┬ readable-stream@2.0.6
27 silly currentTree │   │   │ │ │   ├── core-util-is@1.0.2
27 silly currentTree │   │   │ │ │   ├── inherits@2.0.1
27 silly currentTree │   │   │ │ │   ├── isarray@1.0.0
27 silly currentTree │   │   │ │ │   ├── process-nextick-args@1.0.6
27 silly currentTree │   │   │ │ │   ├── string_decoder@0.10.31
27 silly currentTree │   │   │ │ │   └── util-deprecate@1.0.2
27 silly currentTree │   │   │ │ └─┬ gauge@1.2.7
27 silly currentTree │   │   │ │   ├── has-unicode@2.0.0
27 silly currentTree │   │   │ │   ├─┬ lodash.pad@4.1.0
27 silly currentTree │   │   │ │   │ ├── lodash.repeat@4.0.0
27 silly currentTree │   │   │ │   │ └── lodash.tostring@4.1.2
27 silly currentTree │   │   │ │   ├─┬ lodash.padend@4.2.0
27 silly currentTree │   │   │ │   │ ├── lodash.repeat@4.0.0
27 silly currentTree │   │   │ │   │ └── lodash.tostring@4.1.2
27 silly currentTree │   │   │ │   └─┬ lodash.padstart@4.2.0
27 silly currentTree │   │   │ │     ├── lodash.repeat@4.0.0
27 silly currentTree │   │   │ │     └── lodash.tostring@4.1.2
27 silly currentTree │   │   │ ├─┬ once@1.3.3
27 silly currentTree │   │   │ │ └── wrappy@1.0.1
27 silly currentTree │   │   │ ├─┬ request@2.69.0
27 silly currentTree │   │   │ │ ├── aws-sign2@0.6.0
27 silly currentTree │   │   │ │ ├─┬ aws4@1.3.2
27 silly currentTree │   │   │ │ │ └─┬ lru-cache@4.0.1
27 silly currentTree │   │   │ │ │   ├── pseudomap@1.0.2
27 silly currentTree │   │   │ │ │   └── yallist@2.0.0
27 silly currentTree │   │   │ │ ├─┬ bl@1.0.3
27 silly currentTree │   │   │ │ │ └─┬ readable-stream@2.0.6
27 silly currentTree │   │   │ │ │   ├── core-util-is@1.0.2
27 silly currentTree │   │   │ │ │   ├── inherits@2.0.1
27 silly currentTree │   │   │ │ │   ├── isarray@1.0.0
27 silly currentTree │   │   │ │ │   ├── process-nextick-args@1.0.6
27 silly currentTree │   │   │ │ │   ├── string_decoder@0.10.31
27 silly currentTree │   │   │ │ │   └── util-deprecate@1.0.2
27 silly currentTree │   │   │ │ ├── caseless@0.11.0
27 silly currentTree │   │   │ │ ├─┬ combined-stream@1.0.5
27 silly currentTree │   │   │ │ │ └── delayed-stream@1.0.0
27 silly currentTree │   │   │ │ ├── extend@3.0.0
27 silly currentTree │   │   │ │ ├── forever-agent@0.6.1
27 silly currentTree │   │   │ │ ├─┬ form-data@1.0.0-rc4
27 silly currentTree │   │   │ │ │ └── async@1.5.2
27 silly currentTree │   │   │ │ ├─┬ har-validator@2.0.6
27 silly currentTree │   │   │ │ │ ├─┬ commander@2.9.0
27 silly currentTree │   │   │ │ │ │ └── graceful-readlink@1.0.1
27 silly currentTree │   │   │ │ │ ├─┬ is-my-json-valid@2.13.1
27 silly currentTree │   │   │ │ │ │ ├── generate-function@2.0.0
27 silly currentTree │   │   │ │ │ │ ├─┬ generate-object-property@1.2.0
27 silly currentTree │   │   │ │ │ │ │ └── is-property@1.0.2
27 silly currentTree │   │   │ │ │ │ └── jsonpointer@2.0.0
27 silly currentTree │   │   │ │ │ └─┬ pinkie-promise@2.0.0
27 silly currentTree │   │   │ │ │   └── pinkie@2.0.4
27 silly currentTree │   │   │ │ ├─┬ hawk@3.1.3
27 silly currentTree │   │   │ │ │ ├── boom@2.10.1
27 silly currentTree │   │   │ │ │ ├── cryptiles@2.0.5
27 silly currentTree │   │   │ │ │ ├── hoek@2.16.3
27 silly currentTree │   │   │ │ │ └── sntp@1.0.9
27 silly currentTree │   │   │ │ ├─┬ http-signature@1.1.1
27 silly currentTree │   │   │ │ │ ├── assert-plus@0.2.0
27 silly currentTree │   │   │ │ │ ├─┬ jsprim@1.2.2
27 silly currentTree │   │   │ │ │ │ ├── extsprintf@1.0.2
27 silly currentTree │   │   │ │ │ │ ├── json-schema@0.2.2
27 silly currentTree │   │   │ │ │ │ └── verror@1.3.6
27 silly currentTree │   │   │ │ │ └─┬ sshpk@1.7.4
27 silly currentTree │   │   │ │ │   ├── asn1@0.2.3
27 silly currentTree │   │   │ │ │   ├─┬ dashdash@1.13.0
27 silly currentTree │   │   │ │ │   │ └── assert-plus@1.0.0
27 silly currentTree │   │   │ │ │   ├── ecc-jsbn@0.1.1
27 silly currentTree │   │   │ │ │   ├── jodid25519@1.0.2
27 silly currentTree │   │   │ │ │   ├── jsbn@0.1.0
27 silly currentTree │   │   │ │ │   └── tweetnacl@0.14.3
27 silly currentTree │   │   │ │ ├── is-typedarray@1.0.0
27 silly currentTree │   │   │ │ ├── isstream@0.1.2
27 silly currentTree │   │   │ │ ├── json-stringify-safe@5.0.1
27 silly currentTree │   │   │ │ ├─┬ mime-types@2.1.10
27 silly currentTree │   │   │ │ │ └── mime-db@1.22.0
27 silly currentTree │   │   │ │ ├── node-uuid@1.4.7
27 silly currentTree │   │   │ │ ├── oauth-sign@0.8.1
27 silly currentTree │   │   │ │ ├── qs@6.0.2
27 silly currentTree │   │   │ │ ├── stringstream@0.0.5
27 silly currentTree │   │   │ │ ├── tough-cookie@2.2.2
27 silly currentTree │   │   │ │ └── tunnel-agent@0.4.2
27 silly currentTree │   │   │ ├── retry@0.8.0
27 silly currentTree │   │   │ ├─┬ rimraf@2.5.2
27 silly currentTree │   │   │ │ └─┬ glob@7.0.3
27 silly currentTree │   │   │ │   ├─┬ inflight@1.0.4
27 silly currentTree │   │   │ │   │ └── wrappy@1.0.1
27 silly currentTree │   │   │ │   ├── inherits@2.0.1
27 silly currentTree │   │   │ │   └─┬ minimatch@3.0.0
27 silly currentTree │   │   │ │     └─┬ brace-expansion@1.1.3
27 silly currentTree │   │   │ │       ├── balanced-match@0.3.0
27 silly currentTree │   │   │ │       └── concat-map@0.0.1
27 silly currentTree │   │   │ └── slide@1.1.6
27 silly currentTree │   │   └── xtend@4.0.1
27 silly currentTree │   ├── path-is-absolute@1.0.0
27 silly currentTree │   ├─┬ rc@1.1.6
27 silly currentTree │   │ ├── deep-extend@0.4.1
27 silly currentTree │   │ ├── ini@1.3.4
27 silly currentTree │   │ ├── minimist@1.2.0
27 silly currentTree │   │ └── strip-json-comments@1.0.4
27 silly currentTree │   ├── semver@5.1.0
27 silly currentTree │   ├─┬ subcommand@2.0.3
27 silly currentTree │   │ ├── cliclopts@1.1.1
27 silly currentTree │   │ ├─┬ debug@2.2.0
27 silly currentTree │   │ │ └── ms@0.7.1
27 silly currentTree │   │ ├── minimist@1.2.0
27 silly currentTree │   │ └── xtend@4.0.1
27 silly currentTree │   └─┬ wreck@6.3.0
27 silly currentTree │     ├── boom@2.10.1
27 silly currentTree │     └── hoek@2.16.3
27 silly currentTree ├── gulp-plumber@1.1.0
27 silly currentTree ├─┬ gulp-util@3.0.8
27 silly currentTree │ ├── dateformat@2.0.0
27 silly currentTree │ ├── object-assign@3.0.0
27 silly currentTree │ └── vinyl@0.5.3
27 silly currentTree ├─┬ gulp@3.9.1
27 silly currentTree │ └── semver@4.3.6
27 silly currentTree ├── gulplog@1.0.0
27 silly currentTree ├─┬ handlebars@4.0.6
27 silly currentTree │ ├── async@1.5.2
27 silly currentTree │ └── source-map@0.4.4
27 silly currentTree ├── har-validator@2.0.6
27 silly currentTree ├── has-ansi@2.0.0
27 silly currentTree ├── has-flag@1.0.0
27 silly currentTree ├── has-gulplog@0.1.0
27 silly currentTree ├── hawk@3.1.3
27 silly currentTree ├── hoek@2.16.3
27 silly currentTree ├── homedir-polyfill@1.0.1
27 silly currentTree ├── hosted-git-info@2.1.5
27 silly currentTree ├── html-wiring@1.2.0
27 silly currentTree ├─┬ htmlparser2@3.8.3
27 silly currentTree │ ├── domutils@1.5.1
27 silly currentTree │ ├── entities@1.0.0
27 silly currentTree │ ├── isarray@0.0.1
27 silly currentTree │ └── readable-stream@1.1.14
27 silly currentTree ├── http-signature@1.1.1
27 silly currentTree ├── ignore@3.2.0
27 silly currentTree ├── imurmurhash@0.1.4
27 silly currentTree ├── indent-string@2.1.0
27 silly currentTree ├── inflight@1.0.6
27 silly currentTree ├── inherits@2.0.3
27 silly currentTree ├── ini@1.3.4
27 silly currentTree ├── inquirer@1.2.3
27 silly currentTree ├── interpret@1.0.1
27 silly currentTree ├── invert-kv@1.0.0
27 silly currentTree ├── irregular-plurals@1.2.0
27 silly currentTree ├── is-absolute@0.2.6
27 silly currentTree ├── is-arrayish@0.2.1
27 silly currentTree ├── is-buffer@1.1.4
27 silly currentTree ├── is-builtin-module@1.0.0
27 silly currentTree ├── is-dotfile@1.0.2
27 silly currentTree ├── is-equal-shallow@0.1.3
27 silly currentTree ├── is-extendable@0.1.1
27 silly currentTree ├── is-extglob@1.0.0
27 silly currentTree ├── is-finite@1.0.2
27 silly currentTree ├── is-fullwidth-code-point@1.0.0
27 silly currentTree ├── is-glob@2.0.1
27 silly currentTree ├── is-my-json-valid@2.15.0
27 silly currentTree ├── is-number@2.1.0
27 silly currentTree ├── is-path-cwd@1.0.0
27 silly currentTree ├── is-path-in-cwd@1.0.0
27 silly currentTree ├── is-path-inside@1.0.0
27 silly currentTree ├── is-posix-bracket@0.1.1
27 silly currentTree ├── is-primitive@2.0.0
27 silly currentTree ├── is-promise@2.1.0
27 silly currentTree ├── is-property@1.0.2
27 silly currentTree ├── is-redirect@1.0.0
27 silly currentTree ├── is-relative@0.2.1
27 silly currentTree ├── is-resolvable@1.0.0
27 silly currentTree ├── is-retry-allowed@1.1.0
27 silly currentTree ├── is-stream@1.1.0
27 silly currentTree ├── is-typedarray@1.0.0
27 silly currentTree ├── is-unc-path@0.1.2
27 silly currentTree ├── is-utf8@0.2.1
27 silly currentTree ├── is-windows@0.2.0
27 silly currentTree ├── isarray@1.0.0
27 silly currentTree ├── isexe@1.1.2
27 silly currentTree ├── isobject@2.1.0
27 silly currentTree ├── isstream@0.1.2
27 silly currentTree ├─┬ istanbul-threshold-checker@0.1.0
27 silly currentTree │ ├── async@1.5.2
27 silly currentTree │ ├─┬ escodegen@1.7.1
27 silly currentTree │ │ └── esprima@1.2.5
27 silly currentTree │ ├── esprima@2.5.0
27 silly currentTree │ ├── estraverse@1.9.3
27 silly currentTree │ ├── fast-levenshtein@1.0.7
27 silly currentTree │ ├── istanbul@0.3.22
27 silly currentTree │ ├── levn@0.2.5
27 silly currentTree │ ├── lodash@3.6.0
27 silly currentTree │ ├─┬ optionator@0.5.0
27 silly currentTree │ │ └── wordwrap@0.0.3
27 silly currentTree │ ├── resolve@1.1.7
27 silly currentTree │ └── supports-color@3.2.3
27 silly currentTree ├─┬ istanbul@0.4.5
27 silly currentTree │ ├── async@1.5.2
27 silly currentTree │ ├── glob@5.0.15
27 silly currentTree │ ├── resolve@1.1.7
27 silly currentTree │ └── supports-color@3.2.3
27 silly currentTree ├── istextorbinary@2.1.0
27 silly currentTree ├── jodid25519@1.0.2
27 silly currentTree ├── js-tokens@2.0.0
27 silly currentTree ├── js-yaml@3.7.0
27 silly currentTree ├── jsbn@0.1.0
27 silly currentTree ├── json-schema@0.2.3
27 silly currentTree ├── json-stable-stringify@1.0.1
27 silly currentTree ├── json-stringify-safe@5.0.1
27 silly currentTree ├── json3@3.3.2
27 silly currentTree ├── jsonify@0.0.0
27 silly currentTree ├── jsonpointer@4.0.1
27 silly currentTree ├── jsprim@1.3.1
27 silly currentTree ├── kind-of@3.1.0
27 silly currentTree ├── lazy-cache@1.0.4
27 silly currentTree ├── lcid@1.0.0
27 silly currentTree ├── lcov-parse@0.0.10
27 silly currentTree ├── levn@0.3.0
27 silly currentTree ├── liftoff@2.3.0
27 silly currentTree ├── line-ending-corrector@1.0.0
27 silly currentTree ├── load-json-file@1.1.0
27 silly currentTree ├── lodash._baseassign@3.2.0
27 silly currentTree ├── lodash._basecopy@3.0.1
27 silly currentTree ├── lodash._basecreate@3.0.3
27 silly currentTree ├── lodash._basetostring@3.0.1
27 silly currentTree ├── lodash._basevalues@3.0.0
27 silly currentTree ├── lodash._getnative@3.9.1
27 silly currentTree ├── lodash._isiterateecall@3.0.9
27 silly currentTree ├── lodash._reescape@3.0.0
27 silly currentTree ├── lodash._reevaluate@3.0.0
27 silly currentTree ├── lodash._reinterpolate@3.0.0
27 silly currentTree ├── lodash._root@3.0.1
27 silly currentTree ├── lodash.assignwith@4.2.0
27 silly currentTree ├── lodash.create@3.1.1
27 silly currentTree ├── lodash.escape@3.2.0
27 silly currentTree ├── lodash.isarguments@3.1.0
27 silly currentTree ├── lodash.isarray@3.0.4
27 silly currentTree ├── lodash.isempty@4.4.0
27 silly currentTree ├── lodash.isplainobject@4.0.6
27 silly currentTree ├── lodash.isstring@4.0.1
27 silly currentTree ├── lodash.keys@3.1.2
27 silly currentTree ├── lodash.mapvalues@4.6.0
27 silly currentTree ├── lodash.pick@4.4.0
27 silly currentTree ├── lodash.restparam@3.6.1
27 silly currentTree ├── lodash.template@3.6.2
27 silly currentTree ├── lodash.templatesettings@3.1.1
27 silly currentTree ├── lodash@4.17.4
27 silly currentTree ├── log-driver@1.2.5
27 silly currentTree ├── log-symbols@1.0.2
27 silly currentTree ├── lolex@1.3.2
27 silly currentTree ├── longest@1.0.1
27 silly currentTree ├── loud-rejection@1.6.0
27 silly currentTree ├── lowercase-keys@1.0.0
27 silly currentTree ├── lru-cache@4.0.2
27 silly currentTree ├── map-cache@0.2.2
27 silly currentTree ├── map-obj@1.0.1
27 silly currentTree ├── mem-fs-editor@2.3.0
27 silly currentTree ├── mem-fs@1.1.3
27 silly currentTree ├─┬ meow@3.7.0
27 silly currentTree │ └── object-assign@4.1.0
27 silly currentTree ├── micromatch@2.3.11
27 silly currentTree ├── mime-db@1.26.0
27 silly currentTree ├── mime-types@2.1.14
27 silly currentTree ├── minimatch@3.0.3
27 silly currentTree ├── minimist@1.2.0
27 silly currentTree ├─┬ mkdirp@0.5.1
27 silly currentTree │ └── minimist@0.0.8
27 silly currentTree ├─┬ mocha@3.2.0
27 silly currentTree │ ├── debug@2.2.0
27 silly currentTree │ ├── diff@1.4.0
27 silly currentTree │ ├── glob@7.0.5
27 silly currentTree │ ├── ms@0.7.1
27 silly currentTree │ └── supports-color@3.1.2
27 silly currentTree ├── ms@0.7.2
27 silly currentTree ├── multimatch@2.1.0
27 silly currentTree ├─┬ multipipe@0.1.2
27 silly currentTree │ ├── duplexer2@0.0.2
27 silly currentTree │ ├── isarray@0.0.1
27 silly currentTree │ └── readable-stream@1.1.14
27 silly currentTree ├── mute-stream@0.0.6
27 silly currentTree ├── natives@1.1.0
27 silly currentTree ├── natural-compare@1.4.0
27 silly currentTree ├── node-status-codes@1.0.0
27 silly currentTree ├── node-uuid@1.4.7
27 silly currentTree ├── nopt@3.0.6
27 silly currentTree ├── normalize-package-data@2.3.5
27 silly currentTree ├── normalize-path@2.0.1
27 silly currentTree ├── nth-check@1.0.1
27 silly currentTree ├── number-is-nan@1.0.1
27 silly currentTree ├── oauth-sign@0.8.2
27 silly currentTree ├── object-assign@2.1.1
27 silly currentTree ├── object.omit@2.0.1
27 silly currentTree ├── once@1.4.0
27 silly currentTree ├── onetime@1.1.0
27 silly currentTree ├─┬ optimist@0.6.1
27 silly currentTree │ ├── minimist@0.0.10
27 silly currentTree │ └── wordwrap@0.0.3
27 silly currentTree ├── optionator@0.8.2
27 silly currentTree ├── orchestrator@0.3.8
27 silly currentTree ├── ordered-read-streams@0.1.0
27 silly currentTree ├── os-homedir@1.0.2
27 silly currentTree ├── os-locale@1.4.0
27 silly currentTree ├── os-shim@0.1.3
27 silly currentTree ├── os-tmpdir@1.0.2
27 silly currentTree ├── pad-component@0.0.1
27 silly currentTree ├── parse-filepath@1.0.1
27 silly currentTree ├── parse-git-config@1.1.1
27 silly currentTree ├── parse-glob@3.0.4
27 silly currentTree ├── parse-json@2.2.0
27 silly currentTree ├── parse-passwd@1.0.0
27 silly currentTree ├── path-exists@2.1.0
27 silly currentTree ├── path-is-absolute@1.0.1
27 silly currentTree ├── path-is-inside@1.0.2
27 silly currentTree ├── path-root-regex@0.1.2
27 silly currentTree ├── path-root@0.1.1
27 silly currentTree ├── path-type@1.1.0
27 silly currentTree ├── pify@2.3.0
27 silly currentTree ├── pinkie-promise@2.0.1
27 silly currentTree ├── pinkie@2.0.4
27 silly currentTree ├── plur@2.1.2
27 silly currentTree ├── pluralize@1.2.1
27 silly currentTree ├── prelude-ls@1.1.2
27 silly currentTree ├── prepend-http@1.0.4
27 silly currentTree ├── preserve@0.2.0
27 silly currentTree ├── pretty-bytes@3.0.1
27 silly currentTree ├── pretty-hrtime@1.0.3
27 silly currentTree ├── process-nextick-args@1.0.7
27 silly currentTree ├── progress@1.1.8
27 silly currentTree ├── pseudomap@1.0.2
27 silly currentTree ├── punycode@1.4.1
27 silly currentTree ├── qs@6.2.1
27 silly currentTree ├── randomatic@1.1.6
27 silly currentTree ├── read-all-stream@3.1.0
27 silly currentTree ├── read-chunk@1.0.1
27 silly currentTree ├── read-pkg-up@1.0.1
27 silly currentTree ├── read-pkg@1.1.0
27 silly currentTree ├── readable-stream@2.2.2
27 silly currentTree ├─┬ readline2@1.0.1
27 silly currentTree │ └── mute-stream@0.0.5
27 silly currentTree ├── rechoir@0.6.2
27 silly currentTree ├── redent@1.0.0
27 silly currentTree ├── regex-cache@0.4.3
27 silly currentTree ├── repeat-element@1.1.2
27 silly currentTree ├── repeat-string@1.6.1
27 silly currentTree ├── repeating@2.0.1
27 silly currentTree ├── replace-ext@0.0.1
27 silly currentTree ├── req-cwd@1.0.1
27 silly currentTree ├─┬ req-from@1.0.1
27 silly currentTree │ └── resolve-from@2.0.0
27 silly currentTree ├── request@2.75.0
27 silly currentTree ├── require-directory@2.1.1
27 silly currentTree ├── require-main-filename@1.0.1
27 silly currentTree ├── require-uncached@1.0.3
27 silly currentTree ├── resolve-dir@0.1.1
27 silly currentTree ├── resolve-from@1.0.1
27 silly currentTree ├── resolve@1.2.0
27 silly currentTree ├── restore-cursor@1.0.1
27 silly currentTree ├── right-align@0.1.3
27 silly currentTree ├── rimraf@2.5.4
27 silly currentTree ├── run-async@2.3.0
27 silly currentTree ├── rx-lite@3.1.2
27 silly currentTree ├── rx@4.1.0
27 silly currentTree ├── samsam@1.1.2
27 silly currentTree ├── semver@5.3.0
27 silly currentTree ├── sequencify@0.0.7
27 silly currentTree ├── set-blocking@2.0.0
27 silly currentTree ├── shelljs@0.7.6
27 silly currentTree ├── sigmund@1.0.1
27 silly currentTree ├── signal-exit@3.0.2
27 silly currentTree ├── sinon@1.17.7
27 silly currentTree ├── slice-ansi@0.0.4
27 silly currentTree ├── sntp@1.0.9
27 silly currentTree ├── source-map@0.2.0
27 silly currentTree ├── sparkles@1.0.0
27 silly currentTree ├── spawn-sync@1.0.15
27 silly currentTree ├── spdx-correct@1.0.2
27 silly currentTree ├── spdx-expression-parse@1.0.4
27 silly currentTree ├── spdx-license-ids@1.2.2
27 silly currentTree ├── sprintf-js@1.0.3
27 silly currentTree ├─┬ sshpk@1.10.2
27 silly currentTree │ └── assert-plus@1.0.0
27 silly currentTree ├── stream-consume@0.1.0
27 silly currentTree ├── string_decoder@0.10.31
27 silly currentTree ├── string-template@0.2.1
27 silly currentTree ├── string-width@1.0.2
27 silly currentTree ├── stringstream@0.0.5
27 silly currentTree ├── strip-ansi@3.0.1
27 silly currentTree ├── strip-bom-stream@2.0.0
27 silly currentTree ├── strip-bom@2.0.0
27 silly currentTree ├── strip-indent@1.0.1
27 silly currentTree ├── strip-json-comments@2.0.1
27 silly currentTree ├── supports-color@2.0.0
27 silly currentTree ├─┬ table@3.8.3
27 silly currentTree │ ├── is-fullwidth-code-point@2.0.0
27 silly currentTree │ └── string-width@2.0.0
27 silly currentTree ├── taketalk@1.0.0
27 silly currentTree ├─┬ temp@0.8.3
27 silly currentTree │ └── rimraf@2.2.8
27 silly currentTree ├── text-table@0.2.0
27 silly currentTree ├── textextensions@2.0.1
27 silly currentTree ├── through@2.3.8
27 silly currentTree ├── through2@2.0.3
27 silly currentTree ├── tildify@1.2.0
27 silly currentTree ├── time-stamp@1.0.1
27 silly currentTree ├── timed-out@3.1.3
27 silly currentTree ├── tmp@0.0.29
27 silly currentTree ├── tough-cookie@2.3.2
27 silly currentTree ├── traverse@0.6.6
27 silly currentTree ├── trim-newlines@1.0.0
27 silly currentTree ├── tryit@1.0.3
27 silly currentTree ├── tunnel-agent@0.4.3
27 silly currentTree ├── tweetnacl@0.14.5
27 silly currentTree ├── type-check@0.3.2
27 silly currentTree ├── typedarray@0.0.6
27 silly currentTree ├─┬ uglify-js@2.7.5
27 silly currentTree │ ├── async@0.2.10
27 silly currentTree │ ├── camelcase@1.2.1
27 silly currentTree │ ├── cliui@2.1.0
27 silly currentTree │ ├── source-map@0.5.6
27 silly currentTree │ ├── wordwrap@0.0.2
27 silly currentTree │ └── yargs@3.10.0
27 silly currentTree ├── uglify-to-browserify@1.0.2
27 silly currentTree ├── unc-path-regex@0.1.2
27 silly currentTree ├── underscore.string@3.3.4
27 silly currentTree ├── unique-stream@1.0.0
27 silly currentTree ├── untildify@2.1.0
27 silly currentTree ├── unzip-response@1.0.2
27 silly currentTree ├── url-parse-lax@1.0.0
27 silly currentTree ├── user-home@2.0.0
27 silly currentTree ├── util-deprecate@1.0.2
27 silly currentTree ├─┬ util@0.10.3
27 silly currentTree │ └── inherits@2.0.1
27 silly currentTree ├─┬ v8flags@2.0.11
27 silly currentTree │ └── user-home@1.1.1
27 silly currentTree ├── validate-npm-package-license@3.0.1
27 silly currentTree ├── verror@1.3.6
27 silly currentTree ├── vinyl-file@2.0.0
27 silly currentTree ├─┬ vinyl-fs@0.3.14
27 silly currentTree │ ├── clone@0.2.0
27 silly currentTree │ ├── first-chunk-stream@1.0.0
27 silly currentTree │ ├── graceful-fs@3.0.11
27 silly currentTree │ ├── isarray@0.0.1
27 silly currentTree │ ├── readable-stream@1.0.34
27 silly currentTree │ ├── strip-bom@1.0.0
27 silly currentTree │ ├── through2@0.6.5
27 silly currentTree │ └── vinyl@0.4.6
27 silly currentTree ├─┬ vinyl-sourcemaps-apply@0.2.1
27 silly currentTree │ └── source-map@0.5.6
27 silly currentTree ├── vinyl@1.2.0
27 silly currentTree ├── which-module@1.0.0
27 silly currentTree ├── which@1.2.12
27 silly currentTree ├── window-size@0.1.0
27 silly currentTree ├── wordwrap@1.0.0
27 silly currentTree ├── wrap-ansi@2.1.0
27 silly currentTree ├── wrappy@1.0.2
27 silly currentTree ├── write@0.2.1
27 silly currentTree ├── xtend@4.0.1
27 silly currentTree ├── y18n@3.2.1
27 silly currentTree ├── yallist@2.0.0
27 silly currentTree ├─┬ yargs-parser@4.2.1
27 silly currentTree │ └── camelcase@3.0.0
27 silly currentTree ├─┬ yargs@6.6.0
27 silly currentTree │ └── camelcase@3.0.0
27 silly currentTree ├─┬ yeoman-assert@2.2.2
27 silly currentTree │ └── lodash@3.10.1
27 silly currentTree ├── yeoman-environment@1.6.6
27 silly currentTree ├── yeoman-generator@1.0.1
27 silly currentTree ├─┬ yeoman-test@1.6.0
27 silly currentTree │ └── yeoman-generator@0.24.1
27 silly currentTree ├── yeoman-welcome@1.0.1
27 silly currentTree └── yosay@1.2.1
28 silly idealTree generator-frontend-dev@0.0.0
28 silly idealTree ├── abbrev@1.0.9
28 silly idealTree ├─┬ acorn-jsx@3.0.1
28 silly idealTree │ └── acorn@3.3.0
28 silly idealTree ├── acorn@4.0.4
28 silly idealTree ├── ajv-keywords@1.5.0
28 silly idealTree ├── ajv@4.10.4
28 silly idealTree ├── align-text@0.1.4
28 silly idealTree ├── amdefine@1.0.1
28 silly idealTree ├── ansi-escapes@1.4.0
28 silly idealTree ├── ansi-regex@2.1.1
28 silly idealTree ├── ansi-styles@2.2.1
28 silly idealTree ├── archy@1.0.0
28 silly idealTree ├── argparse@1.0.9
28 silly idealTree ├── arr-diff@2.0.0
28 silly idealTree ├── arr-flatten@1.0.1
28 silly idealTree ├── array-differ@1.0.0
28 silly idealTree ├── array-find-index@1.0.2
28 silly idealTree ├── array-union@1.0.2
28 silly idealTree ├── array-uniq@1.0.3
28 silly idealTree ├── array-unique@0.2.1
28 silly idealTree ├── arrify@1.0.1
28 silly idealTree ├── asn1@0.2.3
28 silly idealTree ├── assert-plus@0.2.0
28 silly idealTree ├─┬ ast-query@2.0.0
28 silly idealTree │ ├── escodegen-wallaby@1.6.8
28 silly idealTree │ └── estraverse@1.9.3
28 silly idealTree ├── async@2.1.4
28 silly idealTree ├── asynckit@0.4.0
28 silly idealTree ├── aws-sign2@0.6.0
28 silly idealTree ├── aws4@1.5.0
28 silly idealTree ├── babel-code-frame@6.20.0
28 silly idealTree ├── balanced-match@0.4.2
28 silly idealTree ├── bcrypt-pbkdf@1.0.0
28 silly idealTree ├── beeper@1.1.1
28 silly idealTree ├── binaryextensions@2.0.0
28 silly idealTree ├─┬ bl@1.1.2
28 silly idealTree │ └── readable-stream@2.0.6
28 silly idealTree ├── boolbase@1.0.0
28 silly idealTree ├── boom@2.10.1
28 silly idealTree ├── brace-expansion@1.1.6
28 silly idealTree ├── braces@1.8.5
28 silly idealTree ├── browser-stdout@1.3.0
28 silly idealTree ├── buffer-shims@1.0.0
28 silly idealTree ├── bufferstreams@1.1.1
28 silly idealTree ├── builtin-modules@1.1.1
28 silly idealTree ├── caller-path@0.1.0
28 silly idealTree ├── callsites@0.2.0
28 silly idealTree ├── camelcase-keys@2.1.0
28 silly idealTree ├── camelcase@2.1.1
28 silly idealTree ├── capture-stack-trace@1.0.0
28 silly idealTree ├── caseless@0.11.0
28 silly idealTree ├── center-align@0.1.3
28 silly idealTree ├── chalk@1.1.3
28 silly idealTree ├─┬ cheerio@0.19.0
28 silly idealTree │ └── lodash@3.10.1
28 silly idealTree ├── circular-json@0.3.1
28 silly idealTree ├── class-extend@0.1.2
28 silly idealTree ├── cli-boxes@1.0.0
28 silly idealTree ├── cli-cursor@1.0.2
28 silly idealTree ├── cli-table@0.3.1
28 silly idealTree ├── cli-width@2.1.0
28 silly idealTree ├── cliui@3.2.0
28 silly idealTree ├── clone-stats@0.0.1
28 silly idealTree ├── clone@1.0.2
28 silly idealTree ├── co@4.6.0
28 silly idealTree ├── code-point-at@1.1.0
28 silly idealTree ├── coffee-script@1.12.2
28 silly idealTree ├── colors@1.0.3
28 silly idealTree ├── combined-stream@1.0.5
28 silly idealTree ├── commander@2.9.0
28 silly idealTree ├── commondir@1.0.1
28 silly idealTree ├── concat-map@0.0.1
28 silly idealTree ├── concat-stream@1.6.0
28 silly idealTree ├── core-util-is@1.0.2
28 silly idealTree ├─┬ coveralls@2.11.15
28 silly idealTree │ └── js-yaml@3.6.1
28 silly idealTree ├── create-error-class@3.0.2
28 silly idealTree ├── cross-spawn@4.0.2
28 silly idealTree ├── cryptiles@2.0.5
28 silly idealTree ├── css-select@1.0.0
28 silly idealTree ├── css-what@1.0.0
28 silly idealTree ├── currently-unhandled@0.4.1
28 silly idealTree ├── d@0.1.1
28 silly idealTree ├── dargs@4.1.0
28 silly idealTree ├─┬ dashdash@1.14.1
28 silly idealTree │ └── assert-plus@1.0.0
28 silly idealTree ├── dateformat@1.0.12
28 silly idealTree ├── debug@2.6.0
28 silly idealTree ├── decamelize@1.2.0
28 silly idealTree ├── deep-extend@0.4.1
28 silly idealTree ├── deep-is@0.1.3
28 silly idealTree ├── defaults@1.0.3
28 silly idealTree ├─┬ del@2.2.2
28 silly idealTree │ ├── globby@5.0.0
28 silly idealTree │ └── object-assign@4.1.0
28 silly idealTree ├── delayed-stream@1.0.0
28 silly idealTree ├── deprecated@0.0.1
28 silly idealTree ├── detect-conflict@1.0.1
28 silly idealTree ├── detect-file@0.1.0
28 silly idealTree ├── detect-newline@1.0.3
28 silly idealTree ├── diff@2.2.3
28 silly idealTree ├── doctrine@1.5.0
28 silly idealTree ├─┬ dom-serializer@0.1.0
28 silly idealTree │ └── domelementtype@1.1.3
28 silly idealTree ├── domelementtype@1.3.0
28 silly idealTree ├── domhandler@2.3.0
28 silly idealTree ├── domutils@1.4.3
28 silly idealTree ├── duplexer2@0.1.4
28 silly idealTree ├── ecc-jsbn@0.1.1
28 silly idealTree ├── editions@1.3.3
28 silly idealTree ├── ejs@2.5.5
28 silly idealTree ├─┬ end-of-stream@0.1.5
28 silly idealTree │ └── once@1.3.3
28 silly idealTree ├── entities@1.1.1
28 silly idealTree ├── error-ex@1.3.0
28 silly idealTree ├── error@7.0.2
28 silly idealTree ├── es5-ext@0.10.12
28 silly idealTree ├── es6-iterator@2.0.0
28 silly idealTree ├── es6-map@0.1.4
28 silly idealTree ├── es6-set@0.1.4
28 silly idealTree ├── es6-symbol@3.1.0
28 silly idealTree ├── es6-weak-map@2.0.1
28 silly idealTree ├── escape-string-regexp@1.0.5
28 silly idealTree ├─┬ escodegen@1.8.1
28 silly idealTree │ └── estraverse@1.9.3
28 silly idealTree ├── escope@3.6.0
28 silly idealTree ├── eslint-config-xo-space@0.15.0
28 silly idealTree ├── eslint-config-xo@0.17.0
28 silly idealTree ├─┬ eslint@3.13.1
28 silly idealTree │ ├── inquirer@0.12.0
28 silly idealTree │ ├── run-async@0.1.0
28 silly idealTree │ └── strip-bom@3.0.0
28 silly idealTree ├── espree@3.3.2
28 silly idealTree ├── esprima@2.7.3
28 silly idealTree ├─┬ esrecurse@4.1.0
28 silly idealTree │ ├── estraverse@4.1.1
28 silly idealTree │ └── object-assign@4.1.0
28 silly idealTree ├── estraverse@4.2.0
28 silly idealTree ├── esutils@2.0.2
28 silly idealTree ├── event-emitter@0.3.4
28 silly idealTree ├── exit-hook@1.1.1
28 silly idealTree ├── expand-brackets@0.1.5
28 silly idealTree ├── expand-range@1.8.2
28 silly idealTree ├── expand-tilde@1.2.2
28 silly idealTree ├── extend-shallow@2.0.1
28 silly idealTree ├── extend@3.0.0
28 silly idealTree ├── external-editor@1.1.1
28 silly idealTree ├── extglob@0.3.2
28 silly idealTree ├── extsprintf@1.0.2
28 silly idealTree ├── fancy-log@1.3.0
28 silly idealTree ├── fast-levenshtein@2.0.6
28 silly idealTree ├─┬ figures@1.7.0
28 silly idealTree │ └── object-assign@4.1.0
28 silly idealTree ├─┬ file-entry-cache@2.0.0
28 silly idealTree │ └── object-assign@4.1.0
28 silly idealTree ├── filename-regex@2.0.0
28 silly idealTree ├─┬ fileset@0.2.1
28 silly idealTree │ ├── glob@5.0.15
28 silly idealTree │ └── minimatch@2.0.10
28 silly idealTree ├── fill-range@2.2.3
28 silly idealTree ├── find-index@0.1.1
28 silly idealTree ├── find-up@1.1.2
28 silly idealTree ├── findup-sync@0.4.3
28 silly idealTree ├── fined@1.0.2
28 silly idealTree ├── first-chunk-stream@2.0.0
28 silly idealTree ├── flagged-respawn@0.3.2
28 silly idealTree ├── flat-cache@1.2.2
28 silly idealTree ├── for-in@0.1.6
28 silly idealTree ├── for-own@0.1.4
28 silly idealTree ├── forever-agent@0.6.1
28 silly idealTree ├── form-data@2.0.0
28 silly idealTree ├── formatio@1.1.1
28 silly idealTree ├── fs-exists-sync@0.1.0
28 silly idealTree ├── fs.realpath@1.0.0
28 silly idealTree ├── gaze@0.5.2
28 silly idealTree ├── generate-function@2.0.0
28 silly idealTree ├── generate-object-property@1.2.0
28 silly idealTree ├── get-caller-file@1.0.2
28 silly idealTree ├── get-stdin@4.0.1
28 silly idealTree ├─┬ getpass@0.1.6
28 silly idealTree │ └── assert-plus@1.0.0
28 silly idealTree ├─┬ gh-got@2.4.0
28 silly idealTree │ └── object-assign@4.1.0
28 silly idealTree ├── git-config-path@1.0.1
28 silly idealTree ├── git-user-email@0.2.2
28 silly idealTree ├─┬ git-user-name@1.2.0
28 silly idealTree │ ├── git-config-path@0.1.0
28 silly idealTree │ └─┬ parse-git-config@0.4.3
28 silly idealTree │   └── git-config-path@1.0.1
28 silly idealTree ├── github-username@2.1.0
28 silly idealTree ├── glob-base@0.3.0
28 silly idealTree ├── glob-parent@2.0.0
28 silly idealTree ├─┬ glob-stream@3.1.18
28 silly idealTree │ ├── glob@4.5.3
28 silly idealTree │ ├── isarray@0.0.1
28 silly idealTree │ ├── minimatch@2.0.10
28 silly idealTree │ ├── readable-stream@1.0.34
28 silly idealTree │ └── through2@0.6.5
28 silly idealTree ├── glob-watcher@0.0.6
28 silly idealTree ├── glob@7.1.1
28 silly idealTree ├── glob2base@0.0.12
28 silly idealTree ├── global-modules@0.2.3
28 silly idealTree ├── global-prefix@0.1.5
28 silly idealTree ├── globals@9.14.0
28 silly idealTree ├─┬ globby@4.1.0
28 silly idealTree │ ├── glob@6.0.4
28 silly idealTree │ └── object-assign@4.1.0
28 silly idealTree ├─┬ globule@0.1.0
28 silly idealTree │ ├── glob@3.1.21
28 silly idealTree │ ├── graceful-fs@1.2.3
28 silly idealTree │ ├── inherits@1.0.2
28 silly idealTree │ ├── lodash@1.0.2
28 silly idealTree │ ├── lru-cache@2.7.3
28 silly idealTree │ └── minimatch@0.2.14
28 silly idealTree ├── glogg@1.0.0
28 silly idealTree ├─┬ got@5.7.1
28 silly idealTree │ └── object-assign@4.1.0
28 silly idealTree ├── graceful-fs@4.1.11
28 silly idealTree ├── graceful-readlink@1.0.1
28 silly idealTree ├── grouped-queue@0.3.3
28 silly idealTree ├── growl@1.9.2
28 silly idealTree ├── gruntfile-editor@1.2.1
28 silly idealTree ├─┬ gulp-coveralls@0.1.4
28 silly idealTree │ ├── isarray@0.0.1
28 silly idealTree │ ├── readable-stream@1.1.14
28 silly idealTree │ └── through2@1.1.1
28 silly idealTree ├── gulp-eslint@3.0.1
28 silly idealTree ├── gulp-exclude-gitignore@1.1.1
28 silly idealTree ├── gulp-ignore@2.0.2
28 silly idealTree ├── gulp-istanbul@1.1.1
28 silly idealTree ├── gulp-line-ending-corrector@1.0.1
28 silly idealTree ├── gulp-match@1.0.3
28 silly idealTree ├── gulp-mocha@3.0.1
28 silly idealTree ├─┬ gulp-nsp@2.4.2
28 silly idealTree │ ├─┬ gulp-util@3.0.7
28 silly idealTree │ │ ├── array-differ@1.0.0
28 silly idealTree │ │ ├── array-uniq@1.0.2
28 silly idealTree │ │ ├── beeper@1.1.0
28 silly idealTree │ │ ├─┬ chalk@1.1.3
28 silly idealTree │ │ │ ├── ansi-styles@2.2.1
28 silly idealTree │ │ │ ├── escape-string-regexp@1.0.5
28 silly idealTree │ │ │ ├─┬ has-ansi@2.0.0
28 silly idealTree │ │ │ │ └── ansi-regex@2.0.0
28 silly idealTree │ │ │ ├─┬ strip-ansi@3.0.1
28 silly idealTree │ │ │ │ └── ansi-regex@2.0.0
28 silly idealTree │ │ │ └── supports-color@2.0.0
28 silly idealTree │ │ ├─┬ dateformat@1.0.12
28 silly idealTree │ │ │ ├── get-stdin@4.0.1
28 silly idealTree │ │ │ └─┬ meow@3.7.0
28 silly idealTree │ │ │   ├─┬ camelcase-keys@2.1.0
28 silly idealTree │ │ │   │ └── camelcase@2.1.1
28 silly idealTree │ │ │   ├── decamelize@1.2.0
28 silly idealTree │ │ │   ├─┬ loud-rejection@1.3.0
28 silly idealTree │ │ │   │ ├── array-find-index@1.0.1
28 silly idealTree │ │ │   │ └── signal-exit@2.1.2
28 silly idealTree │ │ │   ├── map-obj@1.0.1
28 silly idealTree │ │ │   ├─┬ normalize-package-data@2.3.5
28 silly idealTree │ │ │   │ ├── hosted-git-info@2.1.4
28 silly idealTree │ │ │   │ ├─┬ is-builtin-module@1.0.0
28 silly idealTree │ │ │   │ │ └── builtin-modules@1.1.1
28 silly idealTree │ │ │   │ ├── semver@5.1.0
28 silly idealTree │ │ │   │ └─┬ validate-npm-package-license@3.0.1
28 silly idealTree │ │ │   │   ├─┬ spdx-correct@1.0.2
28 silly idealTree │ │ │   │   │ └── spdx-license-ids@1.2.0
28 silly idealTree │ │ │   │   └─┬ spdx-expression-parse@1.0.2
28 silly idealTree │ │ │   │     ├── spdx-exceptions@1.0.4
28 silly idealTree │ │ │   │     └── spdx-license-ids@1.2.0
28 silly idealTree │ │ │   ├── object-assign@4.0.1
28 silly idealTree │ │ │   ├─┬ read-pkg-up@1.0.1
28 silly idealTree │ │ │   │ ├─┬ find-up@1.1.2
28 silly idealTree │ │ │   │ │ ├── path-exists@2.1.0
28 silly idealTree │ │ │   │ │ └─┬ pinkie-promise@2.0.0
28 silly idealTree │ │ │   │ │   └── pinkie@2.0.4
28 silly idealTree │ │ │   │ └─┬ read-pkg@1.1.0
28 silly idealTree │ │ │   │   ├─┬ load-json-file@1.1.0
28 silly idealTree │ │ │   │   │ ├── graceful-fs@4.1.3
28 silly idealTree │ │ │   │   │ ├─┬ parse-json@2.2.0
28 silly idealTree │ │ │   │   │ │ └─┬ error-ex@1.3.0
28 silly idealTree │ │ │   │   │ │   └── is-arrayish@0.2.1
28 silly idealTree │ │ │   │   │ ├── pify@2.3.0
28 silly idealTree │ │ │   │   │ ├─┬ pinkie-promise@2.0.0
28 silly idealTree │ │ │   │   │ │ └── pinkie@2.0.4
28 silly idealTree │ │ │   │   │ └─┬ strip-bom@2.0.0
28 silly idealTree │ │ │   │   │   └── is-utf8@0.2.1
28 silly idealTree │ │ │   │   └─┬ path-type@1.1.0
28 silly idealTree │ │ │   │     ├── graceful-fs@4.1.3
28 silly idealTree │ │ │   │     ├── pify@2.3.0
28 silly idealTree │ │ │   │     └─┬ pinkie-promise@2.0.0
28 silly idealTree │ │ │   │       └── pinkie@2.0.4
28 silly idealTree │ │ │   ├─┬ redent@1.0.0
28 silly idealTree │ │ │   │ ├─┬ indent-string@2.1.0
28 silly idealTree │ │ │   │ │ └─┬ repeating@2.0.0
28 silly idealTree │ │ │   │ │   └─┬ is-finite@1.0.1
28 silly idealTree │ │ │   │ │     └── number-is-nan@1.0.0
28 silly idealTree │ │ │   │ └── strip-indent@1.0.1
28 silly idealTree │ │ │   └── trim-newlines@1.0.0
28 silly idealTree │ │ ├─┬ fancy-log@1.2.0
28 silly idealTree │ │ │ └── time-stamp@1.0.0
28 silly idealTree │ │ ├─┬ gulplog@1.0.0
28 silly idealTree │ │ │ └─┬ glogg@1.0.0
28 silly idealTree │ │ │   └── sparkles@1.0.0
28 silly idealTree │ │ ├─┬ has-gulplog@0.1.0
28 silly idealTree │ │ │ └── sparkles@1.0.0
28 silly idealTree │ │ ├── lodash._reescape@3.0.0
28 silly idealTree │ │ ├── lodash._reevaluate@3.0.0
28 silly idealTree │ │ ├── lodash._reinterpolate@3.0.0
28 silly idealTree │ │ ├─┬ lodash.template@3.6.2
28 silly idealTree │ │ │ ├── lodash._basecopy@3.0.1
28 silly idealTree │ │ │ ├── lodash._basetostring@3.0.1
28 silly idealTree │ │ │ ├── lodash._basevalues@3.0.0
28 silly idealTree │ │ │ ├── lodash._isiterateecall@3.0.9
28 silly idealTree │ │ │ ├─┬ lodash.escape@3.2.0
28 silly idealTree │ │ │ │ └── lodash._root@3.0.1
28 silly idealTree │ │ │ ├─┬ lodash.keys@3.1.2
28 silly idealTree │ │ │ │ ├── lodash._getnative@3.9.1
28 silly idealTree │ │ │ │ ├── lodash.isarguments@3.0.8
28 silly idealTree │ │ │ │ └── lodash.isarray@3.0.4
28 silly idealTree │ │ │ ├── lodash.restparam@3.6.1
28 silly idealTree │ │ │ └── lodash.templatesettings@3.1.1
28 silly idealTree │ │ ├── minimist@1.2.0
28 silly idealTree │ │ ├─┬ multipipe@0.1.2
28 silly idealTree │ │ │ └─┬ duplexer2@0.0.2
28 silly idealTree │ │ │   └─┬ readable-stream@1.1.13
28 silly idealTree │ │ │     ├── core-util-is@1.0.2
28 silly idealTree │ │ │     ├── inherits@2.0.1
28 silly idealTree │ │ │     ├── isarray@0.0.1
28 silly idealTree │ │ │     └── string_decoder@0.10.31
28 silly idealTree │ │ ├── object-assign@3.0.0
28 silly idealTree │ │ ├── replace-ext@0.0.1
28 silly idealTree │ │ ├─┬ through2@2.0.1
28 silly idealTree │ │ │ ├─┬ readable-stream@2.0.6
28 silly idealTree │ │ │ │ ├── core-util-is@1.0.2
28 silly idealTree │ │ │ │ ├── inherits@2.0.1
28 silly idealTree │ │ │ │ ├── isarray@1.0.0
28 silly idealTree │ │ │ │ ├── process-nextick-args@1.0.6
28 silly idealTree │ │ │ │ ├── string_decoder@0.10.31
28 silly idealTree │ │ │ │ └── util-deprecate@1.0.2
28 silly idealTree │ │ │ └── xtend@4.0.1
28 silly idealTree │ │ └─┬ vinyl@0.5.3
28 silly idealTree │ │   ├── clone-stats@0.0.1
28 silly idealTree │ │   └── clone@1.0.2
28 silly idealTree │ └─┬ nsp@2.3.0
28 silly idealTree │   ├─┬ chalk@1.1.3
28 silly idealTree │   │ ├── ansi-styles@2.2.1
28 silly idealTree │   │ ├── escape-string-regexp@1.0.5
28 silly idealTree │   │ ├─┬ has-ansi@2.0.0
28 silly idealTree │   │ │ └── ansi-regex@2.0.0
28 silly idealTree │   │ ├─┬ strip-ansi@3.0.1
28 silly idealTree │   │ │ └── ansi-regex@2.0.0
28 silly idealTree │   │ └── supports-color@2.0.0
28 silly idealTree │   ├─┬ cli-table@0.3.1
28 silly idealTree │   │ └── colors@1.0.3
28 silly idealTree │   ├─┬ https-proxy-agent@1.0.0
28 silly idealTree │   │ ├─┬ agent-base@2.0.1
28 silly idealTree │   │ │ └── semver@5.0.3
28 silly idealTree │   │ ├─┬ debug@2.2.0
28 silly idealTree │   │ │ └── ms@0.7.1
28 silly idealTree │   │ └── extend@3.0.0
28 silly idealTree │   ├─┬ joi@6.10.1
28 silly idealTree │   │ ├── hoek@2.16.3
28 silly idealTree │   │ ├── isemail@1.2.0
28 silly idealTree │   │ ├── moment@2.12.0
28 silly idealTree │   │ └── topo@1.1.0
28 silly idealTree │   ├─┬ nodesecurity-npm-utils@4.0.1
28 silly idealTree │   │ └─┬ silent-npm-registry-client@2.0.0
28 silly idealTree │   │   ├─┬ npm-registry-client@7.1.0
28 silly idealTree │   │   │ ├── chownr@1.0.1
28 silly idealTree │   │   │ ├─┬ concat-stream@1.5.1
28 silly idealTree │   │   │ │ ├── inherits@2.0.1
28 silly idealTree │   │   │ │ ├─┬ readable-stream@2.0.6
28 silly idealTree │   │   │ │ │ ├── core-util-is@1.0.2
28 silly idealTree │   │   │ │ │ ├── isarray@1.0.0
28 silly idealTree │   │   │ │ │ ├── process-nextick-args@1.0.6
28 silly idealTree │   │   │ │ │ ├── string_decoder@0.10.31
28 silly idealTree │   │   │ │ │ └── util-deprecate@1.0.2
28 silly idealTree │   │   │ │ └── typedarray@0.0.6
28 silly idealTree │   │   │ ├── graceful-fs@4.1.3
28 silly idealTree │   │   │ ├─┬ mkdirp@0.5.1
28 silly idealTree │   │   │ │ └── minimist@0.0.8
28 silly idealTree │   │   │ ├─┬ normalize-package-data@2.3.5
28 silly idealTree │   │   │ │ ├── hosted-git-info@2.1.4
28 silly idealTree │   │   │ │ ├─┬ is-builtin-module@1.0.0
28 silly idealTree │   │   │ │ │ └── builtin-modules@1.1.1
28 silly idealTree │   │   │ │ └─┬ validate-npm-package-license@3.0.1
28 silly idealTree │   │   │ │   ├─┬ spdx-correct@1.0.2
28 silly idealTree │   │   │ │   │ └── spdx-license-ids@1.2.0
28 silly idealTree │   │   │ │   └─┬ spdx-expression-parse@1.0.2
28 silly idealTree │   │   │ │     ├── spdx-exceptions@1.0.4
28 silly idealTree │   │   │ │     └── spdx-license-ids@1.2.0
28 silly idealTree │   │   │ ├─┬ npm-package-arg@4.1.0
28 silly idealTree │   │   │ │ └── hosted-git-info@2.1.4
28 silly idealTree │   │   │ ├─┬ npmlog@2.0.3
28 silly idealTree │   │   │ │ ├── ansi@0.3.1
28 silly idealTree │   │   │ │ ├─┬ are-we-there-yet@1.1.2
28 silly idealTree │   │   │ │ │ ├── delegates@1.0.0
28 silly idealTree │   │   │ │ │ └─┬ readable-stream@2.0.6
28 silly idealTree │   │   │ │ │   ├── core-util-is@1.0.2
28 silly idealTree │   │   │ │ │   ├── inherits@2.0.1
28 silly idealTree │   │   │ │ │   ├── isarray@1.0.0
28 silly idealTree │   │   │ │ │   ├── process-nextick-args@1.0.6
28 silly idealTree │   │   │ │ │   ├── string_decoder@0.10.31
28 silly idealTree │   │   │ │ │   └── util-deprecate@1.0.2
28 silly idealTree │   │   │ │ └─┬ gauge@1.2.7
28 silly idealTree │   │   │ │   ├── has-unicode@2.0.0
28 silly idealTree │   │   │ │   ├─┬ lodash.pad@4.1.0
28 silly idealTree │   │   │ │   │ ├── lodash.repeat@4.0.0
28 silly idealTree │   │   │ │   │ └── lodash.tostring@4.1.2
28 silly idealTree │   │   │ │   ├─┬ lodash.padend@4.2.0
28 silly idealTree │   │   │ │   │ ├── lodash.repeat@4.0.0
28 silly idealTree │   │   │ │   │ └── lodash.tostring@4.1.2
28 silly idealTree │   │   │ │   └─┬ lodash.padstart@4.2.0
28 silly idealTree │   │   │ │     ├── lodash.repeat@4.0.0
28 silly idealTree │   │   │ │     └── lodash.tostring@4.1.2
28 silly idealTree │   │   │ ├─┬ once@1.3.3
28 silly idealTree │   │   │ │ └── wrappy@1.0.1
28 silly idealTree │   │   │ ├─┬ request@2.69.0
28 silly idealTree │   │   │ │ ├── aws-sign2@0.6.0
28 silly idealTree │   │   │ │ ├─┬ aws4@1.3.2
28 silly idealTree │   │   │ │ │ └─┬ lru-cache@4.0.1
28 silly idealTree │   │   │ │ │   ├── pseudomap@1.0.2
28 silly idealTree │   │   │ │ │   └── yallist@2.0.0
28 silly idealTree │   │   │ │ ├─┬ bl@1.0.3
28 silly idealTree │   │   │ │ │ └─┬ readable-stream@2.0.6
28 silly idealTree │   │   │ │ │   ├── core-util-is@1.0.2
28 silly idealTree │   │   │ │ │   ├── inherits@2.0.1
28 silly idealTree │   │   │ │ │   ├── isarray@1.0.0
28 silly idealTree │   │   │ │ │   ├── process-nextick-args@1.0.6
28 silly idealTree │   │   │ │ │   ├── string_decoder@0.10.31
28 silly idealTree │   │   │ │ │   └── util-deprecate@1.0.2
28 silly idealTree │   │   │ │ ├── caseless@0.11.0
28 silly idealTree │   │   │ │ ├─┬ combined-stream@1.0.5
28 silly idealTree │   │   │ │ │ └── delayed-stream@1.0.0
28 silly idealTree │   │   │ │ ├── extend@3.0.0
28 silly idealTree │   │   │ │ ├── forever-agent@0.6.1
28 silly idealTree │   │   │ │ ├─┬ form-data@1.0.0-rc4
28 silly idealTree │   │   │ │ │ └── async@1.5.2
28 silly idealTree │   │   │ │ ├─┬ har-validator@2.0.6
28 silly idealTree │   │   │ │ │ ├─┬ commander@2.9.0
28 silly idealTree │   │   │ │ │ │ └── graceful-readlink@1.0.1
28 silly idealTree │   │   │ │ │ ├─┬ is-my-json-valid@2.13.1
28 silly idealTree │   │   │ │ │ │ ├── generate-function@2.0.0
28 silly idealTree │   │   │ │ │ │ ├─┬ generate-object-property@1.2.0
28 silly idealTree │   │   │ │ │ │ │ └── is-property@1.0.2
28 silly idealTree │   │   │ │ │ │ └── jsonpointer@2.0.0
28 silly idealTree │   │   │ │ │ └─┬ pinkie-promise@2.0.0
28 silly idealTree │   │   │ │ │   └── pinkie@2.0.4
28 silly idealTree │   │   │ │ ├─┬ hawk@3.1.3
28 silly idealTree │   │   │ │ │ ├── boom@2.10.1
28 silly idealTree │   │   │ │ │ ├── cryptiles@2.0.5
28 silly idealTree │   │   │ │ │ ├── hoek@2.16.3
28 silly idealTree │   │   │ │ │ └── sntp@1.0.9
28 silly idealTree │   │   │ │ ├─┬ http-signature@1.1.1
28 silly idealTree │   │   │ │ │ ├── assert-plus@0.2.0
28 silly idealTree │   │   │ │ │ ├─┬ jsprim@1.2.2
28 silly idealTree │   │   │ │ │ │ ├── extsprintf@1.0.2
28 silly idealTree │   │   │ │ │ │ ├── json-schema@0.2.2
28 silly idealTree │   │   │ │ │ │ └── verror@1.3.6
28 silly idealTree │   │   │ │ │ └─┬ sshpk@1.7.4
28 silly idealTree │   │   │ │ │   ├── asn1@0.2.3
28 silly idealTree │   │   │ │ │   ├─┬ dashdash@1.13.0
28 silly idealTree │   │   │ │ │   │ └── assert-plus@1.0.0
28 silly idealTree │   │   │ │ │   ├── ecc-jsbn@0.1.1
28 silly idealTree │   │   │ │ │   ├── jodid25519@1.0.2
28 silly idealTree │   │   │ │ │   ├── jsbn@0.1.0
28 silly idealTree │   │   │ │ │   └── tweetnacl@0.14.3
28 silly idealTree │   │   │ │ ├── is-typedarray@1.0.0
28 silly idealTree │   │   │ │ ├── isstream@0.1.2
28 silly idealTree │   │   │ │ ├── json-stringify-safe@5.0.1
28 silly idealTree │   │   │ │ ├─┬ mime-types@2.1.10
28 silly idealTree │   │   │ │ │ └── mime-db@1.22.0
28 silly idealTree │   │   │ │ ├── node-uuid@1.4.7
28 silly idealTree │   │   │ │ ├── oauth-sign@0.8.1
28 silly idealTree │   │   │ │ ├── qs@6.0.2
28 silly idealTree │   │   │ │ ├── stringstream@0.0.5
28 silly idealTree │   │   │ │ ├── tough-cookie@2.2.2
28 silly idealTree │   │   │ │ └── tunnel-agent@0.4.2
28 silly idealTree │   │   │ ├── retry@0.8.0
28 silly idealTree │   │   │ ├─┬ rimraf@2.5.2
28 silly idealTree │   │   │ │ └─┬ glob@7.0.3
28 silly idealTree │   │   │ │   ├─┬ inflight@1.0.4
28 silly idealTree │   │   │ │   │ └── wrappy@1.0.1
28 silly idealTree │   │   │ │   ├── inherits@2.0.1
28 silly idealTree │   │   │ │   └─┬ minimatch@3.0.0
28 silly idealTree │   │   │ │     └─┬ brace-expansion@1.1.3
28 silly idealTree │   │   │ │       ├── balanced-match@0.3.0
28 silly idealTree │   │   │ │       └── concat-map@0.0.1
28 silly idealTree │   │   │ └── slide@1.1.6
28 silly idealTree │   │   └── xtend@4.0.1
28 silly idealTree │   ├── path-is-absolute@1.0.0
28 silly idealTree │   ├─┬ rc@1.1.6
28 silly idealTree │   │ ├── deep-extend@0.4.1
28 silly idealTree │   │ ├── ini@1.3.4
28 silly idealTree │   │ ├── minimist@1.2.0
28 silly idealTree │   │ └── strip-json-comments@1.0.4
28 silly idealTree │   ├── semver@5.1.0
28 silly idealTree │   ├─┬ subcommand@2.0.3
28 silly idealTree │   │ ├── cliclopts@1.1.1
28 silly idealTree │   │ ├─┬ debug@2.2.0
28 silly idealTree │   │ │ └── ms@0.7.1
28 silly idealTree │   │ ├── minimist@1.2.0
28 silly idealTree │   │ └── xtend@4.0.1
28 silly idealTree │   └─┬ wreck@6.3.0
28 silly idealTree │     ├── boom@2.10.1
28 silly idealTree │     └── hoek@2.16.3
28 silly idealTree ├── gulp-plumber@1.1.0
28 silly idealTree ├─┬ gulp-util@3.0.8
28 silly idealTree │ ├── dateformat@2.0.0
28 silly idealTree │ ├── object-assign@3.0.0
28 silly idealTree │ └── vinyl@0.5.3
28 silly idealTree ├─┬ gulp@3.9.1
28 silly idealTree │ └── semver@4.3.6
28 silly idealTree ├── gulplog@1.0.0
28 silly idealTree ├─┬ handlebars@4.0.6
28 silly idealTree │ ├── async@1.5.2
28 silly idealTree │ └── source-map@0.4.4
28 silly idealTree ├── har-validator@2.0.6
28 silly idealTree ├── has-ansi@2.0.0
28 silly idealTree ├── has-flag@1.0.0
28 silly idealTree ├── has-gulplog@0.1.0
28 silly idealTree ├── hawk@3.1.3
28 silly idealTree ├── hoek@2.16.3
28 silly idealTree ├── homedir-polyfill@1.0.1
28 silly idealTree ├── hosted-git-info@2.1.5
28 silly idealTree ├── html-wiring@1.2.0
28 silly idealTree ├─┬ htmlparser2@3.8.3
28 silly idealTree │ ├── domutils@1.5.1
28 silly idealTree │ ├── entities@1.0.0
28 silly idealTree │ ├── isarray@0.0.1
28 silly idealTree │ └── readable-stream@1.1.14
28 silly idealTree ├── http-signature@1.1.1
28 silly idealTree ├── ignore@3.2.0
28 silly idealTree ├── imurmurhash@0.1.4
28 silly idealTree ├── indent-string@2.1.0
28 silly idealTree ├── inflight@1.0.6
28 silly idealTree ├── inherits@2.0.3
28 silly idealTree ├── ini@1.3.4
28 silly idealTree ├── inquirer@1.2.3
28 silly idealTree ├── interpret@1.0.1
28 silly idealTree ├── invert-kv@1.0.0
28 silly idealTree ├── irregular-plurals@1.2.0
28 silly idealTree ├── is-absolute@0.2.6
28 silly idealTree ├── is-arrayish@0.2.1
28 silly idealTree ├── is-buffer@1.1.4
28 silly idealTree ├── is-builtin-module@1.0.0
28 silly idealTree ├── is-dotfile@1.0.2
28 silly idealTree ├── is-equal-shallow@0.1.3
28 silly idealTree ├── is-extendable@0.1.1
28 silly idealTree ├── is-extglob@1.0.0
28 silly idealTree ├── is-finite@1.0.2
28 silly idealTree ├── is-fullwidth-code-point@1.0.0
28 silly idealTree ├── is-glob@2.0.1
28 silly idealTree ├── is-my-json-valid@2.15.0
28 silly idealTree ├── is-number@2.1.0
28 silly idealTree ├── is-path-cwd@1.0.0
28 silly idealTree ├── is-path-in-cwd@1.0.0
28 silly idealTree ├── is-path-inside@1.0.0
28 silly idealTree ├── is-posix-bracket@0.1.1
28 silly idealTree ├── is-primitive@2.0.0
28 silly idealTree ├── is-promise@2.1.0
28 silly idealTree ├── is-property@1.0.2
28 silly idealTree ├── is-redirect@1.0.0
28 silly idealTree ├── is-relative@0.2.1
28 silly idealTree ├── is-resolvable@1.0.0
28 silly idealTree ├── is-retry-allowed@1.1.0
28 silly idealTree ├── is-stream@1.1.0
28 silly idealTree ├── is-typedarray@1.0.0
28 silly idealTree ├── is-unc-path@0.1.2
28 silly idealTree ├── is-utf8@0.2.1
28 silly idealTree ├── is-windows@0.2.0
28 silly idealTree ├── isarray@1.0.0
28 silly idealTree ├── isexe@1.1.2
28 silly idealTree ├── isobject@2.1.0
28 silly idealTree ├── isstream@0.1.2
28 silly idealTree ├─┬ istanbul-threshold-checker@0.1.0
28 silly idealTree │ ├── async@1.5.2
28 silly idealTree │ ├─┬ escodegen@1.7.1
28 silly idealTree │ │ └── esprima@1.2.5
28 silly idealTree │ ├── esprima@2.5.0
28 silly idealTree │ ├── estraverse@1.9.3
28 silly idealTree │ ├── fast-levenshtein@1.0.7
28 silly idealTree │ ├── istanbul@0.3.22
28 silly idealTree │ ├── levn@0.2.5
28 silly idealTree │ ├── lodash@3.6.0
28 silly idealTree │ ├─┬ optionator@0.5.0
28 silly idealTree │ │ └── wordwrap@0.0.3
28 silly idealTree │ ├── resolve@1.1.7
28 silly idealTree │ └── supports-color@3.2.3
28 silly idealTree ├─┬ istanbul@0.4.5
28 silly idealTree │ ├── async@1.5.2
28 silly idealTree │ ├── glob@5.0.15
28 silly idealTree │ ├── resolve@1.1.7
28 silly idealTree │ └── supports-color@3.2.3
28 silly idealTree ├── istextorbinary@2.1.0
28 silly idealTree ├── jodid25519@1.0.2
28 silly idealTree ├── js-tokens@2.0.0
28 silly idealTree ├── js-yaml@3.7.0
28 silly idealTree ├── jsbn@0.1.0
28 silly idealTree ├── json-schema@0.2.3
28 silly idealTree ├── json-stable-stringify@1.0.1
28 silly idealTree ├── json-stringify-safe@5.0.1
28 silly idealTree ├── json3@3.3.2
28 silly idealTree ├── jsonify@0.0.0
28 silly idealTree ├── jsonpointer@4.0.1
28 silly idealTree ├── jsprim@1.3.1
28 silly idealTree ├── kind-of@3.1.0
28 silly idealTree ├── lazy-cache@1.0.4
28 silly idealTree ├── lcid@1.0.0
28 silly idealTree ├── lcov-parse@0.0.10
28 silly idealTree ├── levn@0.3.0
28 silly idealTree ├── liftoff@2.3.0
28 silly idealTree ├── line-ending-corrector@1.0.0
28 silly idealTree ├── load-json-file@1.1.0
28 silly idealTree ├── lodash._baseassign@3.2.0
28 silly idealTree ├── lodash._basecopy@3.0.1
28 silly idealTree ├── lodash._basecreate@3.0.3
28 silly idealTree ├── lodash._basetostring@3.0.1
28 silly idealTree ├── lodash._basevalues@3.0.0
28 silly idealTree ├── lodash._getnative@3.9.1
28 silly idealTree ├── lodash._isiterateecall@3.0.9
28 silly idealTree ├── lodash._reescape@3.0.0
28 silly idealTree ├── lodash._reevaluate@3.0.0
28 silly idealTree ├── lodash._reinterpolate@3.0.0
28 silly idealTree ├── lodash._root@3.0.1
28 silly idealTree ├── lodash.assignwith@4.2.0
28 silly idealTree ├── lodash.create@3.1.1
28 silly idealTree ├── lodash.escape@3.2.0
28 silly idealTree ├── lodash.isarguments@3.1.0
28 silly idealTree ├── lodash.isarray@3.0.4
28 silly idealTree ├── lodash.isempty@4.4.0
28 silly idealTree ├── lodash.isplainobject@4.0.6
28 silly idealTree ├── lodash.isstring@4.0.1
28 silly idealTree ├── lodash.keys@3.1.2
28 silly idealTree ├── lodash.mapvalues@4.6.0
28 silly idealTree ├── lodash.pick@4.4.0
28 silly idealTree ├── lodash.restparam@3.6.1
28 silly idealTree ├── lodash.template@3.6.2
28 silly idealTree ├── lodash.templatesettings@3.1.1
28 silly idealTree ├── lodash@4.17.4
28 silly idealTree ├── log-driver@1.2.5
28 silly idealTree ├── log-symbols@1.0.2
28 silly idealTree ├── lolex@1.3.2
28 silly idealTree ├── longest@1.0.1
28 silly idealTree ├── loud-rejection@1.6.0
28 silly idealTree ├── lowercase-keys@1.0.0
28 silly idealTree ├── lru-cache@4.0.2
28 silly idealTree ├── map-cache@0.2.2
28 silly idealTree ├── map-obj@1.0.1
28 silly idealTree ├── mem-fs-editor@2.3.0
28 silly idealTree ├── mem-fs@1.1.3
28 silly idealTree ├─┬ meow@3.7.0
28 silly idealTree │ └── object-assign@4.1.0
28 silly idealTree ├── micromatch@2.3.11
28 silly idealTree ├── mime-db@1.26.0
28 silly idealTree ├── mime-types@2.1.14
28 silly idealTree ├── minimatch@3.0.3
28 silly idealTree ├── minimist@1.2.0
28 silly idealTree ├─┬ mkdirp@0.5.1
28 silly idealTree │ └── minimist@0.0.8
28 silly idealTree ├─┬ mocha@3.2.0
28 silly idealTree │ ├── debug@2.2.0
28 silly idealTree │ ├── diff@1.4.0
28 silly idealTree │ ├── glob@7.0.5
28 silly idealTree │ ├── ms@0.7.1
28 silly idealTree │ └── supports-color@3.1.2
28 silly idealTree ├── ms@0.7.2
28 silly idealTree ├── multimatch@2.1.0
28 silly idealTree ├─┬ multipipe@0.1.2
28 silly idealTree │ ├── duplexer2@0.0.2
28 silly idealTree │ ├── isarray@0.0.1
28 silly idealTree │ └── readable-stream@1.1.14
28 silly idealTree ├── mute-stream@0.0.6
28 silly idealTree ├── natives@1.1.0
28 silly idealTree ├── natural-compare@1.4.0
28 silly idealTree ├── node-status-codes@1.0.0
28 silly idealTree ├── node-uuid@1.4.7
28 silly idealTree ├── nopt@3.0.6
28 silly idealTree ├── normalize-package-data@2.3.5
28 silly idealTree ├── normalize-path@2.0.1
28 silly idealTree ├── nth-check@1.0.1
28 silly idealTree ├── number-is-nan@1.0.1
28 silly idealTree ├── oauth-sign@0.8.2
28 silly idealTree ├── object-assign@2.1.1
28 silly idealTree ├── object.omit@2.0.1
28 silly idealTree ├── once@1.4.0
28 silly idealTree ├── onetime@1.1.0
28 silly idealTree ├─┬ optimist@0.6.1
28 silly idealTree │ ├── minimist@0.0.10
28 silly idealTree │ └── wordwrap@0.0.3
28 silly idealTree ├── optionator@0.8.2
28 silly idealTree ├── orchestrator@0.3.8
28 silly idealTree ├── ordered-read-streams@0.1.0
28 silly idealTree ├── os-homedir@1.0.2
28 silly idealTree ├── os-locale@1.4.0
28 silly idealTree ├── os-shim@0.1.3
28 silly idealTree ├── os-tmpdir@1.0.2
28 silly idealTree ├── pad-component@0.0.1
28 silly idealTree ├── parse-filepath@1.0.1
28 silly idealTree ├── parse-git-config@1.1.1
28 silly idealTree ├── parse-glob@3.0.4
28 silly idealTree ├── parse-json@2.2.0
28 silly idealTree ├── parse-passwd@1.0.0
28 silly idealTree ├── path-exists@2.1.0
28 silly idealTree ├── path-is-absolute@1.0.1
28 silly idealTree ├── path-is-inside@1.0.2
28 silly idealTree ├── path-root-regex@0.1.2
28 silly idealTree ├── path-root@0.1.1
28 silly idealTree ├── path-type@1.1.0
28 silly idealTree ├── pify@2.3.0
28 silly idealTree ├── pinkie-promise@2.0.1
28 silly idealTree ├── pinkie@2.0.4
28 silly idealTree ├── plur@2.1.2
28 silly idealTree ├── pluralize@1.2.1
28 silly idealTree ├── prelude-ls@1.1.2
28 silly idealTree ├── prepend-http@1.0.4
28 silly idealTree ├── preserve@0.2.0
28 silly idealTree ├── pretty-bytes@3.0.1
28 silly idealTree ├── pretty-hrtime@1.0.3
28 silly idealTree ├── process-nextick-args@1.0.7
28 silly idealTree ├── progress@1.1.8
28 silly idealTree ├── pseudomap@1.0.2
28 silly idealTree ├── punycode@1.4.1
28 silly idealTree ├── qs@6.2.1
28 silly idealTree ├── randomatic@1.1.6
28 silly idealTree ├── read-all-stream@3.1.0
28 silly idealTree ├── read-chunk@1.0.1
28 silly idealTree ├── read-pkg-up@1.0.1
28 silly idealTree ├── read-pkg@1.1.0
28 silly idealTree ├── readable-stream@2.2.2
28 silly idealTree ├─┬ readline2@1.0.1
28 silly idealTree │ └── mute-stream@0.0.5
28 silly idealTree ├── rechoir@0.6.2
28 silly idealTree ├── redent@1.0.0
28 silly idealTree ├── regex-cache@0.4.3
28 silly idealTree ├── repeat-element@1.1.2
28 silly idealTree ├── repeat-string@1.6.1
28 silly idealTree ├── repeating@2.0.1
28 silly idealTree ├── replace-ext@0.0.1
28 silly idealTree ├── req-cwd@1.0.1
28 silly idealTree ├─┬ req-from@1.0.1
28 silly idealTree │ └── resolve-from@2.0.0
28 silly idealTree ├── request@2.75.0
28 silly idealTree ├── require-directory@2.1.1
28 silly idealTree ├── require-main-filename@1.0.1
28 silly idealTree ├── require-uncached@1.0.3
28 silly idealTree ├── resolve-dir@0.1.1
28 silly idealTree ├── resolve-from@1.0.1
28 silly idealTree ├── resolve@1.2.0
28 silly idealTree ├── restore-cursor@1.0.1
28 silly idealTree ├── right-align@0.1.3
28 silly idealTree ├── rimraf@2.5.4
28 silly idealTree ├── run-async@2.3.0
28 silly idealTree ├── rx-lite@3.1.2
28 silly idealTree ├── rx@4.1.0
28 silly idealTree ├── samsam@1.1.2
28 silly idealTree ├── semver@5.3.0
28 silly idealTree ├── sequencify@0.0.7
28 silly idealTree ├── set-blocking@2.0.0
28 silly idealTree ├── shelljs@0.7.6
28 silly idealTree ├── sigmund@1.0.1
28 silly idealTree ├── signal-exit@3.0.2
28 silly idealTree ├── sinon@1.17.7
28 silly idealTree ├── slice-ansi@0.0.4
28 silly idealTree ├── sntp@1.0.9
28 silly idealTree ├── source-map@0.2.0
28 silly idealTree ├── sparkles@1.0.0
28 silly idealTree ├── spawn-sync@1.0.15
28 silly idealTree ├── spdx-correct@1.0.2
28 silly idealTree ├── spdx-expression-parse@1.0.4
28 silly idealTree ├── spdx-license-ids@1.2.2
28 silly idealTree ├── sprintf-js@1.0.3
28 silly idealTree ├─┬ sshpk@1.10.2
28 silly idealTree │ └── assert-plus@1.0.0
28 silly idealTree ├── stream-consume@0.1.0
28 silly idealTree ├── string_decoder@0.10.31
28 silly idealTree ├── string-template@0.2.1
28 silly idealTree ├── string-width@1.0.2
28 silly idealTree ├── stringstream@0.0.5
28 silly idealTree ├── strip-ansi@3.0.1
28 silly idealTree ├── strip-bom-stream@2.0.0
28 silly idealTree ├── strip-bom@2.0.0
28 silly idealTree ├── strip-indent@1.0.1
28 silly idealTree ├── strip-json-comments@2.0.1
28 silly idealTree ├── supports-color@2.0.0
28 silly idealTree ├─┬ table@3.8.3
28 silly idealTree │ ├── is-fullwidth-code-point@2.0.0
28 silly idealTree │ └── string-width@2.0.0
28 silly idealTree ├── taketalk@1.0.0
28 silly idealTree ├─┬ temp@0.8.3
28 silly idealTree │ └── rimraf@2.2.8
28 silly idealTree ├── text-table@0.2.0
28 silly idealTree ├── textextensions@2.0.1
28 silly idealTree ├── through@2.3.8
28 silly idealTree ├── through2@2.0.3
28 silly idealTree ├── tildify@1.2.0
28 silly idealTree ├── time-stamp@1.0.1
28 silly idealTree ├── timed-out@3.1.3
28 silly idealTree ├── tmp@0.0.29
28 silly idealTree ├── tough-cookie@2.3.2
28 silly idealTree ├── traverse@0.6.6
28 silly idealTree ├── trim-newlines@1.0.0
28 silly idealTree ├── tryit@1.0.3
28 silly idealTree ├── tunnel-agent@0.4.3
28 silly idealTree ├── tweetnacl@0.14.5
28 silly idealTree ├── type-check@0.3.2
28 silly idealTree ├── typedarray@0.0.6
28 silly idealTree ├─┬ uglify-js@2.7.5
28 silly idealTree │ ├── async@0.2.10
28 silly idealTree │ ├── camelcase@1.2.1
28 silly idealTree │ ├── cliui@2.1.0
28 silly idealTree │ ├── source-map@0.5.6
28 silly idealTree │ ├── wordwrap@0.0.2
28 silly idealTree │ └── yargs@3.10.0
28 silly idealTree ├── uglify-to-browserify@1.0.2
28 silly idealTree ├── unc-path-regex@0.1.2
28 silly idealTree ├── underscore.string@3.3.4
28 silly idealTree ├── unique-stream@1.0.0
28 silly idealTree ├── untildify@2.1.0
28 silly idealTree ├── unzip-response@1.0.2
28 silly idealTree ├── url-parse-lax@1.0.0
28 silly idealTree ├── user-home@2.0.0
28 silly idealTree ├── util-deprecate@1.0.2
28 silly idealTree ├─┬ util@0.10.3
28 silly idealTree │ └── inherits@2.0.1
28 silly idealTree ├─┬ v8flags@2.0.11
28 silly idealTree │ └── user-home@1.1.1
28 silly idealTree ├── validate-npm-package-license@3.0.1
28 silly idealTree ├── verror@1.3.6
28 silly idealTree ├── vinyl-file@2.0.0
28 silly idealTree ├─┬ vinyl-fs@0.3.14
28 silly idealTree │ ├── clone@0.2.0
28 silly idealTree │ ├── first-chunk-stream@1.0.0
28 silly idealTree │ ├── graceful-fs@3.0.11
28 silly idealTree │ ├── isarray@0.0.1
28 silly idealTree │ ├── readable-stream@1.0.34
28 silly idealTree │ ├── strip-bom@1.0.0
28 silly idealTree │ ├── through2@0.6.5
28 silly idealTree │ └── vinyl@0.4.6
28 silly idealTree ├─┬ vinyl-sourcemaps-apply@0.2.1
28 silly idealTree │ └── source-map@0.5.6
28 silly idealTree ├── vinyl@1.2.0
28 silly idealTree ├── which-module@1.0.0
28 silly idealTree ├── which@1.2.12
28 silly idealTree ├── window-size@0.1.0
28 silly idealTree ├── wordwrap@1.0.0
28 silly idealTree ├── wrap-ansi@2.1.0
28 silly idealTree ├── wrappy@1.0.2
28 silly idealTree ├── write@0.2.1
28 silly idealTree ├── xtend@4.0.1
28 silly idealTree ├── y18n@3.2.1
28 silly idealTree ├── yallist@2.0.0
28 silly idealTree ├─┬ yargs-parser@4.2.1
28 silly idealTree │ └── camelcase@3.0.0
28 silly idealTree ├─┬ yargs@6.6.0
28 silly idealTree │ └── camelcase@3.0.0
28 silly idealTree ├─┬ yeoman-assert@2.2.2
28 silly idealTree │ └── lodash@3.10.1
28 silly idealTree ├── yeoman-environment@1.6.6
28 silly idealTree ├── yeoman-generator@1.0.1
28 silly idealTree ├─┬ yeoman-test@1.6.0
28 silly idealTree │ └── yeoman-generator@0.24.1
28 silly idealTree ├── yeoman-welcome@1.0.1
28 silly idealTree └── yosay@1.2.1
29 silly generateActionsToTake Starting
30 silly install generateActionsToTake
31 silly generateActionsToTake Finishing
32 silly diffTrees action count 0
33 silly decomposeActions action count 0
34 silly runTopLevelLifecycles Starting
35 silly install runPreinstallTopLevelLifecycles
36 silly preinstall generator-frontend-dev@0.0.0 /home/alan/Documentos/Programacion/generator-frontend-dev/generator-frontend-dev-7b839a52
37 info lifecycle generator-frontend-dev@0.0.0~preinstall: generator-frontend-dev@0.0.0
38 silly lifecycle generator-frontend-dev@0.0.0~preinstall: no script for preinstall, continuing
39 silly executeActions Starting
40 silly install executeActions
41 silly doSerial global-install 0
42 silly doParallel fetch 0
43 verbose correctMkdir /home/alan/.npm/_locks correctMkdir not in flight; initializing
44 verbose lock using /home/alan/.npm/_locks/staging-97be56d5bceb367a.lock for /home/alan/Documentos/Programacion/generator-frontend-dev/node_modules/.staging
45 silly doParallel extract 0
46 silly doParallel preinstall 0
47 silly doReverseSerial remove 0
48 silly doSerial move 0
49 silly doSerial finalize 0
50 silly doSerial build 0
51 silly doSerial global-link 0
52 silly doParallel update-linked 0
53 silly doSerial install 0
54 silly doSerial postinstall 0
55 verbose unlock done using /home/alan/.npm/_locks/staging-97be56d5bceb367a.lock for /home/alan/Documentos/Programacion/generator-frontend-dev/node_modules/.staging
56 silly executeActions Finishing
57 silly rollbackFailedOptional Starting
58 silly rollbackFailedOptional Finishing
59 silly install runPostinstallTopLevelLifecycles
60 silly build generator-frontend-dev@0.0.0
61 info linkStuff generator-frontend-dev@0.0.0
62 silly linkStuff generator-frontend-dev@0.0.0 has /home/alan/Documentos/Programacion as its parent node_modules
63 verbose linkBins generator-frontend-dev@0.0.0
64 verbose linkMans generator-frontend-dev@0.0.0
65 silly install generator-frontend-dev@0.0.0 /home/alan/Documentos/Programacion/generator-frontend-dev/generator-frontend-dev-7b839a52
66 info lifecycle generator-frontend-dev@0.0.0~install: generator-frontend-dev@0.0.0
67 silly lifecycle generator-frontend-dev@0.0.0~install: no script for install, continuing
68 silly postinstall generator-frontend-dev@0.0.0 /home/alan/Documentos/Programacion/generator-frontend-dev/generator-frontend-dev-7b839a52
69 info lifecycle generator-frontend-dev@0.0.0~postinstall: generator-frontend-dev@0.0.0
70 silly lifecycle generator-frontend-dev@0.0.0~postinstall: no script for postinstall, continuing
71 silly prepublish generator-frontend-dev@0.0.0 /home/alan/Documentos/Programacion/generator-frontend-dev/generator-frontend-dev-7b839a52
72 info lifecycle generator-frontend-dev@0.0.0~prepublish: generator-frontend-dev@0.0.0
73 verbose lifecycle generator-frontend-dev@0.0.0~prepublish: unsafe-perm in lifecycle true
74 verbose lifecycle generator-frontend-dev@0.0.0~prepublish: PATH: /home/alan/.nvm/versions/node/v6.9.1/lib/node_modules/npm/bin/node-gyp-bin:/home/alan/Documentos/Programacion/generator-frontend-dev/node_modules/.bin:/home/alan/.sdkman/candidates/groovy/current/bin:/home/alan/.sdkman/candidates/grails/current/bin:/home/alan/.sdkman/candidates/gradle/current/bin:/home/alan/.rbenv/shims:/home/alan/.rbenv/bin:/usr/local/heroku/bin:/home/alan/.nvm/versions/node/v6.9.1/bin:/usr/local/sbin:/usr/local/bin:/usr/sbin:/usr/bin:/sbin:/bin:/usr/games:/usr/local/games
75 verbose lifecycle generator-frontend-dev@0.0.0~prepublish: CWD: /home/alan/Documentos/Programacion/generator-frontend-dev
76 silly lifecycle generator-frontend-dev@0.0.0~prepublish: Args: [ '-c', 'gulp prepublish' ]
77 silly lifecycle generator-frontend-dev@0.0.0~prepublish: Returned: code: 1  signal: null
78 info lifecycle generator-frontend-dev@0.0.0~prepublish: Failed to exec prepublish script
79 verbose stack Error: generator-frontend-dev@0.0.0 prepublish: `gulp prepublish`
79 verbose stack Exit status 1
79 verbose stack     at EventEmitter.<anonymous> (/home/alan/.nvm/versions/node/v6.9.1/lib/node_modules/npm/lib/utils/lifecycle.js:255:16)
79 verbose stack     at emitTwo (events.js:106:13)
79 verbose stack     at EventEmitter.emit (events.js:191:7)
79 verbose stack     at ChildProcess.<anonymous> (/home/alan/.nvm/versions/node/v6.9.1/lib/node_modules/npm/lib/utils/spawn.js:40:14)
79 verbose stack     at emitTwo (events.js:106:13)
79 verbose stack     at ChildProcess.emit (events.js:191:7)
79 verbose stack     at maybeClose (internal/child_process.js:877:16)
79 verbose stack     at Process.ChildProcess._handle.onexit (internal/child_process.js:226:5)
80 verbose pkgid generator-frontend-dev@0.0.0
81 verbose cwd /home/alan/Documentos/Programacion/generator-frontend-dev
82 error Linux 3.16.0-77-generic
83 error argv "/home/alan/.nvm/versions/node/v6.9.1/bin/node" "/home/alan/.nvm/versions/node/v6.9.1/bin/npm" "link"
84 error node v6.9.1
85 error npm  v3.10.8
86 error code ELIFECYCLE
87 error generator-frontend-dev@0.0.0 prepublish: `gulp prepublish`
87 error Exit status 1
88 error Failed at the generator-frontend-dev@0.0.0 prepublish script 'gulp prepublish'.
88 error Make sure you have the latest version of node.js and npm installed.
88 error If you do, this is most likely a problem with the generator-frontend-dev package,
88 error not with npm itself.
88 error Tell the author that this fails on your system:
88 error     gulp prepublish
88 error You can get information on how to open an issue for this project with:
88 error     npm bugs generator-frontend-dev
88 error Or if that isn't available, you can get their info via:
88 error     npm owner ls generator-frontend-dev
88 error There is likely additional logging output above.
89 verbose exit [ 1, true ]
